{"C:\\Users\\aaron\\Projects\\sparx-api\\src\\app.controller.ts": {"path":"C:\\Users\\aaron\\Projects\\sparx-api\\src\\app.controller.ts","statementMap":{"0":{"start":{"line":1,"column":0},"end":{"line":1,"column":44}},"1":{"start":{"line":4,"column":26},"end":{"line":4,"column":null}},"2":{"start":{"line":4,"column":13},"end":{"line":4,"column":null}}},"fnMap":{},"branchMap":{},"s":{"0":0,"1":0,"2":0},"f":{},"b":{}}
,"C:\\Users\\aaron\\Projects\\sparx-api\\src\\app.module.ts": {"path":"C:\\Users\\aaron\\Projects\\sparx-api\\src\\app.module.ts","statementMap":{"0":{"start":{"line":1,"column":0},"end":{"line":1,"column":40}},"1":{"start":{"line":2,"column":0},"end":{"line":2,"column":41}},"2":{"start":{"line":3,"column":0},"end":{"line":3,"column":35}},"3":{"start":{"line":4,"column":0},"end":{"line":4,"column":92}},"4":{"start":{"line":5,"column":0},"end":{"line":5,"column":29}},"5":{"start":{"line":6,"column":0},"end":{"line":6,"column":56}},"6":{"start":{"line":8,"column":0},"end":{"line":8,"column":49}},"7":{"start":{"line":9,"column":0},"end":{"line":9,"column":43}},"8":{"start":{"line":11,"column":0},"end":{"line":11,"column":57}},"9":{"start":{"line":12,"column":0},"end":{"line":12,"column":60}},"10":{"start":{"line":14,"column":0},"end":{"line":14,"column":48}},"11":{"start":{"line":15,"column":0},"end":{"line":15,"column":46}},"12":{"start":{"line":16,"column":0},"end":{"line":16,"column":54}},"13":{"start":{"line":17,"column":0},"end":{"line":17,"column":98}},"14":{"start":{"line":18,"column":0},"end":{"line":18,"column":83}},"15":{"start":{"line":19,"column":0},"end":{"line":19,"column":89}},"16":{"start":{"line":20,"column":0},"end":{"line":20,"column":60}},"17":{"start":{"line":21,"column":0},"end":{"line":21,"column":60}},"18":{"start":{"line":22,"column":0},"end":{"line":22,"column":51}},"19":{"start":{"line":23,"column":0},"end":{"line":23,"column":48}},"20":{"start":{"line":24,"column":0},"end":{"line":24,"column":60}},"21":{"start":{"line":25,"column":0},"end":{"line":25,"column":66}},"22":{"start":{"line":26,"column":0},"end":{"line":26,"column":66}},"23":{"start":{"line":27,"column":0},"end":{"line":27,"column":74}},"24":{"start":{"line":28,"column":0},"end":{"line":28,"column":43}},"25":{"start":{"line":29,"column":0},"end":{"line":29,"column":50}},"26":{"start":{"line":30,"column":0},"end":{"line":30,"column":66}},"27":{"start":{"line":31,"column":0},"end":{"line":31,"column":59}},"28":{"start":{"line":84,"column":22},"end":{"line":84,"column":null}},"29":{"start":{"line":84,"column":13},"end":{"line":84,"column":null}},"30":{"start":{"line":38,"column":25},"end":{"line":53,"column":8}}},"fnMap":{"0":{"name":"(anonymous_7)","decl":{"start":{"line":38,"column":18},"end":{"line":38,"column":21}},"loc":{"start":{"line":38,"column":25},"end":{"line":53,"column":8}}}},"branchMap":{},"s":{"0":0,"1":0,"2":0,"3":0,"4":0,"5":0,"6":0,"7":0,"8":0,"9":0,"10":0,"11":0,"12":0,"13":0,"14":0,"15":0,"16":0,"17":0,"18":0,"19":0,"20":0,"21":0,"22":0,"23":0,"24":0,"25":0,"26":0,"27":0,"28":0,"29":0,"30":0},"f":{"0":0},"b":{}}
,"C:\\Users\\aaron\\Projects\\sparx-api\\src\\app.service.ts": {"path":"C:\\Users\\aaron\\Projects\\sparx-api\\src\\app.service.ts","statementMap":{"0":{"start":{"line":1,"column":0},"end":{"line":1,"column":44}},"1":{"start":{"line":4,"column":23},"end":{"line":8,"column":null}},"2":{"start":{"line":6,"column":4},"end":{"line":6,"column":17}},"3":{"start":{"line":4,"column":13},"end":{"line":8,"column":null}}},"fnMap":{"0":{"name":"(anonymous_1)","decl":{"start":{"line":5,"column":2},"end":{"line":5,"column":5}},"loc":{"start":{"line":5,"column":26},"end":{"line":7,"column":3}}}},"branchMap":{},"s":{"0":1,"1":1,"2":1,"3":1},"f":{"0":1},"b":{}}
,"C:\\Users\\aaron\\Projects\\sparx-api\\src\\main.ts": {"path":"C:\\Users\\aaron\\Projects\\sparx-api\\src\\main.ts","statementMap":{"0":{"start":{"line":1,"column":0},"end":{"line":1,"column":60}},"1":{"start":{"line":2,"column":0},"end":{"line":2,"column":65}},"2":{"start":{"line":3,"column":0},"end":{"line":3,"column":42}},"3":{"start":{"line":4,"column":0},"end":{"line":4,"column":46}},"4":{"start":{"line":5,"column":0},"end":{"line":5,"column":41}},"5":{"start":{"line":6,"column":0},"end":{"line":6,"column":34}},"6":{"start":{"line":7,"column":0},"end":{"line":7,"column":37}},"7":{"start":{"line":8,"column":0},"end":{"line":8,"column":39}},"8":{"start":{"line":9,"column":0},"end":{"line":9,"column":62}},"9":{"start":{"line":12,"column":23},"end":{"line":12,"column":60}},"10":{"start":{"line":13,"column":21},"end":{"line":13,"column":41}},"11":{"start":{"line":14,"column":2},"end":{"line":19,"column":null}},"12":{"start":{"line":15,"column":4},"end":{"line":18,"column":6}},"13":{"start":{"line":21,"column":14},"end":{"line":21,"column":61}},"14":{"start":{"line":23,"column":2},"end":{"line":23,"column":33}},"15":{"start":{"line":25,"column":2},"end":{"line":25,"column":46}},"16":{"start":{"line":26,"column":2},"end":{"line":26,"column":68}},"17":{"start":{"line":27,"column":2},"end":{"line":27,"column":26}},"18":{"start":{"line":30,"column":2},"end":{"line":32,"column":5}},"19":{"start":{"line":33,"column":26},"end":{"line":33,"column":50}},"20":{"start":{"line":34,"column":2},"end":{"line":34,"column":54}},"21":{"start":{"line":37,"column":17},"end":{"line":52,"column":12}},"22":{"start":{"line":54,"column":19},"end":{"line":54,"column":60}},"23":{"start":{"line":56,"column":2},"end":{"line":56,"column":44}},"24":{"start":{"line":58,"column":2},"end":{"line":65,"column":5}},"25":{"start":{"line":67,"column":2},"end":{"line":67,"column":56}},"26":{"start":{"line":69,"column":0},"end":{"line":69,"column":12}}},"fnMap":{"0":{"name":"bootstrap","decl":{"start":{"line":11,"column":15},"end":{"line":11,"column":24}},"loc":{"start":{"line":11,"column":24},"end":{"line":68,"column":1}}}},"branchMap":{"0":{"loc":{"start":{"line":14,"column":2},"end":{"line":19,"column":null}},"type":"if","locations":[{"start":{"line":14,"column":2},"end":{"line":19,"column":null}}]},"1":{"loc":{"start":{"line":67,"column":19},"end":{"line":67,"column":43}},"type":"binary-expr","locations":[{"start":{"line":67,"column":19},"end":{"line":67,"column":35}},{"start":{"line":67,"column":39},"end":{"line":67,"column":43}}]}},"s":{"0":0,"1":0,"2":0,"3":0,"4":0,"5":0,"6":0,"7":0,"8":0,"9":0,"10":0,"11":0,"12":0,"13":0,"14":0,"15":0,"16":0,"17":0,"18":0,"19":0,"20":0,"21":0,"22":0,"23":0,"24":0,"25":0,"26":0},"f":{"0":0},"b":{"0":[0],"1":[0,0]}}
,"C:\\Users\\aaron\\Projects\\sparx-api\\src\\typeorm.ts": {"path":"C:\\Users\\aaron\\Projects\\sparx-api\\src\\typeorm.ts","statementMap":{"0":{"start":{"line":2,"column":0},"end":{"line":2,"column":48}},"1":{"start":{"line":4,"column":13},"end":{"line":14,"column":2}}},"fnMap":{},"branchMap":{},"s":{"0":0,"1":0},"f":{},"b":{}}
,"C:\\Users\\aaron\\Projects\\sparx-api\\src\\auth\\auth.controller.ts": {"path":"C:\\Users\\aaron\\Projects\\sparx-api\\src\\auth\\auth.controller.ts","statementMap":{"0":{"start":{"line":1,"column":0},"end":{"line":1,"column":null}},"1":{"start":{"line":13,"column":0},"end":{"line":13,"column":51}},"2":{"start":{"line":16,"column":0},"end":{"line":16,"column":57}},"3":{"start":{"line":17,"column":0},"end":{"line":17,"column":67}},"4":{"start":{"line":19,"column":0},"end":{"line":19,"column":54}},"5":{"start":{"line":21,"column":0},"end":{"line":21,"column":59}},"6":{"start":{"line":22,"column":0},"end":{"line":22,"column":65}},"7":{"start":{"line":24,"column":0},"end":{"line":24,"column":45}},"8":{"start":{"line":25,"column":0},"end":{"line":25,"column":64}},"9":{"start":{"line":26,"column":0},"end":{"line":26,"column":55}},"10":{"start":{"line":27,"column":0},"end":{"line":27,"column":64}},"11":{"start":{"line":28,"column":0},"end":{"line":28,"column":102}},"12":{"start":{"line":29,"column":0},"end":{"line":29,"column":87}},"13":{"start":{"line":31,"column":0},"end":{"line":31,"column":49}},"14":{"start":{"line":32,"column":0},"end":{"line":32,"column":43}},"15":{"start":{"line":38,"column":0},"end":{"line":38,"column":60}},"16":{"start":{"line":39,"column":0},"end":{"line":39,"column":58}},"17":{"start":{"line":40,"column":0},"end":{"line":40,"column":78}},"18":{"start":{"line":42,"column":0},"end":{"line":42,"column":37}},"19":{"start":{"line":46,"column":27},"end":{"line":178,"column":null}},"20":{"start":{"line":48,"column":12},"end":{"line":48,"column":25}},"21":{"start":{"line":49,"column":12},"end":{"line":49,"column":26}},"22":{"start":{"line":50,"column":12},"end":{"line":50,"column":29}},"23":{"start":{"line":51,"column":12},"end":{"line":51,"column":29}},"24":{"start":{"line":52,"column":12},"end":{"line":52,"column":41}},"25":{"start":{"line":53,"column":12},"end":{"line":53,"column":36}},"26":{"start":{"line":54,"column":12},"end":{"line":54,"column":33}},"27":{"start":{"line":55,"column":21},"end":{"line":55,"column":29}},"28":{"start":{"line":63,"column":4},"end":{"line":63,"column":44}},"29":{"start":{"line":64,"column":21},"end":{"line":64,"column":64}},"30":{"start":{"line":65,"column":4},"end":{"line":65,"column":30}},"31":{"start":{"line":70,"column":4},"end":{"line":70,"column":39}},"32":{"start":{"line":71,"column":4},"end":{"line":71,"column":60}},"33":{"start":{"line":78,"column":4},"end":{"line":78,"column":50}},"34":{"start":{"line":85,"column":21},"end":{"line":85,"column":66}},"35":{"start":{"line":86,"column":4},"end":{"line":86,"column":30}},"36":{"start":{"line":92,"column":4},"end":{"line":92,"column":75}},"37":{"start":{"line":101,"column":17},"end":{"line":101,"column":73}},"38":{"start":{"line":103,"column":4},"end":{"line":103,"column":44}},"39":{"start":{"line":105,"column":4},"end":{"line":105,"column":24}},"40":{"start":{"line":119,"column":4},"end":{"line":119,"column":47}},"41":{"start":{"line":120,"column":25},"end":{"line":120,"column":63}},"42":{"start":{"line":123,"column":6},"end":{"line":123,"column":69}},"43":{"start":{"line":125,"column":28},"end":{"line":126,"column":null}},"44":{"start":{"line":129,"column":28},"end":{"line":129,"column":78}},"45":{"start":{"line":132,"column":6},"end":{"line":133,"column":null}},"46":{"start":{"line":136,"column":32},"end":{"line":137,"column":null}},"47":{"start":{"line":147,"column":8},"end":{"line":154,"column":6}},"48":{"start":{"line":156,"column":4},"end":{"line":156,"column":36}},"49":{"start":{"line":158,"column":4},"end":{"line":166,"column":6}},"50":{"start":{"line":172,"column":17},"end":{"line":172,"column":60}},"51":{"start":{"line":174,"column":4},"end":{"line":174,"column":44}},"52":{"start":{"line":176,"column":4},"end":{"line":176,"column":55}},"53":{"start":{"line":62,"column":8},"end":{"line":66,"column":null}},"54":{"start":{"line":69,"column":8},"end":{"line":72,"column":null}},"55":{"start":{"line":77,"column":2},"end":{"line":79,"column":null}},"56":{"start":{"line":84,"column":8},"end":{"line":87,"column":null}},"57":{"start":{"line":91,"column":2},"end":{"line":93,"column":null}},"58":{"start":{"line":97,"column":8},"end":{"line":106,"column":null}},"59":{"start":{"line":110,"column":8},"end":{"line":167,"column":null}},"60":{"start":{"line":171,"column":8},"end":{"line":177,"column":null}},"61":{"start":{"line":46,"column":13},"end":{"line":178,"column":null}}},"fnMap":{"0":{"name":"(anonymous_4)","decl":{"start":{"line":47,"column":2},"end":{"line":47,"column":null}},"loc":{"start":{"line":55,"column":35},"end":{"line":56,"column":6}}},"1":{"name":"(anonymous_5)","decl":{"start":{"line":62,"column":2},"end":{"line":62,"column":7}},"loc":{"start":{"line":62,"column":45},"end":{"line":66,"column":3}}},"2":{"name":"(anonymous_6)","decl":{"start":{"line":69,"column":2},"end":{"line":69,"column":7}},"loc":{"start":{"line":69,"column":35},"end":{"line":72,"column":3}}},"3":{"name":"(anonymous_7)","decl":{"start":{"line":77,"column":2},"end":{"line":77,"column":10}},"loc":{"start":{"line":77,"column":43},"end":{"line":79,"column":3}}},"4":{"name":"(anonymous_8)","decl":{"start":{"line":84,"column":2},"end":{"line":84,"column":7}},"loc":{"start":{"line":84,"column":52},"end":{"line":87,"column":3}}},"5":{"name":"(anonymous_9)","decl":{"start":{"line":91,"column":2},"end":{"line":91,"column":24}},"loc":{"start":{"line":91,"column":67},"end":{"line":93,"column":3}}},"6":{"name":"(anonymous_10)","decl":{"start":{"line":97,"column":2},"end":{"line":97,"column":7}},"loc":{"start":{"line":99,"column":24},"end":{"line":106,"column":3}}},"7":{"name":"(anonymous_11)","decl":{"start":{"line":110,"column":2},"end":{"line":110,"column":7}},"loc":{"start":{"line":110,"column":47},"end":{"line":167,"column":3}}},"8":{"name":"(anonymous_12)","decl":{"start":{"line":171,"column":2},"end":{"line":171,"column":7}},"loc":{"start":{"line":171,"column":73},"end":{"line":177,"column":3}}}},"branchMap":{},"s":{"0":0,"1":0,"2":0,"3":0,"4":0,"5":0,"6":0,"7":0,"8":0,"9":0,"10":0,"11":0,"12":0,"13":0,"14":0,"15":0,"16":0,"17":0,"18":0,"19":0,"20":0,"21":0,"22":0,"23":0,"24":0,"25":0,"26":0,"27":0,"28":0,"29":0,"30":0,"31":0,"32":0,"33":0,"34":0,"35":0,"36":0,"37":0,"38":0,"39":0,"40":0,"41":0,"42":0,"43":0,"44":0,"45":0,"46":0,"47":0,"48":0,"49":0,"50":0,"51":0,"52":0,"53":0,"54":0,"55":0,"56":0,"57":0,"58":0,"59":0,"60":0,"61":0},"f":{"0":0,"1":0,"2":0,"3":0,"4":0,"5":0,"6":0,"7":0,"8":0},"b":{}}
,"C:\\Users\\aaron\\Projects\\sparx-api\\src\\auth\\auth.module.ts": {"path":"C:\\Users\\aaron\\Projects\\sparx-api\\src\\auth\\auth.module.ts","statementMap":{"0":{"start":{"line":1,"column":0},"end":{"line":1,"column":40}},"1":{"start":{"line":2,"column":0},"end":{"line":2,"column":50}},"2":{"start":{"line":3,"column":0},"end":{"line":3,"column":40}},"3":{"start":{"line":4,"column":0},"end":{"line":4,"column":43}},"4":{"start":{"line":6,"column":0},"end":{"line":6,"column":51}},"5":{"start":{"line":7,"column":0},"end":{"line":7,"column":45}},"6":{"start":{"line":9,"column":0},"end":{"line":9,"column":60}},"7":{"start":{"line":10,"column":0},"end":{"line":10,"column":67}},"8":{"start":{"line":11,"column":0},"end":{"line":11,"column":56}},"9":{"start":{"line":13,"column":0},"end":{"line":13,"column":85}},"10":{"start":{"line":14,"column":0},"end":{"line":14,"column":62}},"11":{"start":{"line":15,"column":0},"end":{"line":15,"column":100}},"12":{"start":{"line":16,"column":0},"end":{"line":16,"column":53}},"13":{"start":{"line":17,"column":0},"end":{"line":17,"column":62}},"14":{"start":{"line":18,"column":0},"end":{"line":18,"column":54}},"15":{"start":{"line":19,"column":0},"end":{"line":19,"column":76}},"16":{"start":{"line":40,"column":23},"end":{"line":40,"column":null}},"17":{"start":{"line":40,"column":13},"end":{"line":40,"column":null}}},"fnMap":{},"branchMap":{},"s":{"0":0,"1":0,"2":0,"3":0,"4":0,"5":0,"6":0,"7":0,"8":0,"9":0,"10":0,"11":0,"12":0,"13":0,"14":0,"15":0,"16":0,"17":0},"f":{},"b":{}}
,"C:\\Users\\aaron\\Projects\\sparx-api\\src\\auth\\auth.service.ts": {"path":"C:\\Users\\aaron\\Projects\\sparx-api\\src\\auth\\auth.service.ts","statementMap":{"0":{"start":{"line":1,"column":0},"end":{"line":1,"column":63}},"1":{"start":{"line":2,"column":0},"end":{"line":2,"column":41}},"2":{"start":{"line":3,"column":0},"end":{"line":3,"column":55}},"3":{"start":{"line":4,"column":0},"end":{"line":4,"column":33}},"4":{"start":{"line":7,"column":0},"end":{"line":7,"column":55}},"5":{"start":{"line":15,"column":24},"end":{"line":276,"column":null}},"6":{"start":{"line":17,"column":12},"end":{"line":17,"column":26}},"7":{"start":{"line":18,"column":12},"end":{"line":18,"column":24}},"8":{"start":{"line":19,"column":12},"end":{"line":19,"column":27}},"9":{"start":{"line":23,"column":17},"end":{"line":23,"column":62}},"10":{"start":{"line":25,"column":4},"end":{"line":29,"column":null}},"11":{"start":{"line":27,"column":38},"end":{"line":27,"column":42}},"12":{"start":{"line":28,"column":6},"end":{"line":28,"column":20}},"13":{"start":{"line":31,"column":4},"end":{"line":31,"column":16}},"14":{"start":{"line":35,"column":20},"end":{"line":35,"column":57}},"15":{"start":{"line":36,"column":24},"end":{"line":36,"column":53}},"16":{"start":{"line":37,"column":25},"end":{"line":37,"column":75}},"17":{"start":{"line":39,"column":30},"end":{"line":39,"column":44}},"18":{"start":{"line":40,"column":31},"end":{"line":40,"column":54}},"19":{"start":{"line":43,"column":25},"end":{"line":43,"column":70}},"20":{"start":{"line":47,"column":6},"end":{"line":47,"column":76}},"21":{"start":{"line":49,"column":4},"end":{"line":56,"column":7}},"22":{"start":{"line":58,"column":4},"end":{"line":65,"column":7}},"23":{"start":{"line":67,"column":4},"end":{"line":69,"column":6}},"24":{"start":{"line":74,"column":25},"end":{"line":74,"column":70}},"25":{"start":{"line":78,"column":6},"end":{"line":78,"column":76}},"26":{"start":{"line":80,"column":4},"end":{"line":87,"column":7}},"27":{"start":{"line":88,"column":4},"end":{"line":95,"column":7}},"28":{"start":{"line":97,"column":4},"end":{"line":97,"column":50}},"29":{"start":{"line":101,"column":20},"end":{"line":101,"column":57}},"30":{"start":{"line":102,"column":24},"end":{"line":102,"column":53}},"31":{"start":{"line":103,"column":30},"end":{"line":103,"column":44}},"32":{"start":{"line":106,"column":25},"end":{"line":106,"column":70}},"33":{"start":{"line":110,"column":6},"end":{"line":110,"column":76}},"34":{"start":{"line":112,"column":4},"end":{"line":119,"column":7}},"35":{"start":{"line":121,"column":4},"end":{"line":123,"column":6}},"36":{"start":{"line":128,"column":27},"end":{"line":128,"column":70}},"37":{"start":{"line":131,"column":17},"end":{"line":134,"column":6}},"38":{"start":{"line":137,"column":32},"end":{"line":140,"column":6}},"39":{"start":{"line":141,"column":30},"end":{"line":143,"column":6}},"40":{"start":{"line":146,"column":4},"end":{"line":146,"column":74}},"41":{"start":{"line":148,"column":4},"end":{"line":148,"column":16}},"42":{"start":{"line":152,"column":4},"end":{"line":172,"column":null}},"43":{"start":{"line":153,"column":18},"end":{"line":153,"column":105}},"44":{"start":{"line":155,"column":23},"end":{"line":159,"column":24}},"45":{"start":{"line":161,"column":6},"end":{"line":169,"column":9}},"46":{"start":{"line":171,"column":6},"end":{"line":171,"column":25}},"47":{"start":{"line":176,"column":39},"end":{"line":176,"column":56}},"48":{"start":{"line":181,"column":4},"end":{"line":183,"column":null}},"49":{"start":{"line":182,"column":6},"end":{"line":182,"column":51}},"50":{"start":{"line":185,"column":4},"end":{"line":187,"column":null}},"51":{"start":{"line":186,"column":6},"end":{"line":186,"column":63}},"52":{"start":{"line":190,"column":17},"end":{"line":191,"column":null}},"53":{"start":{"line":194,"column":4},"end":{"line":194,"column":72}},"54":{"start":{"line":194,"column":15},"end":{"line":194,"column":72}},"55":{"start":{"line":197,"column":27},"end":{"line":197,"column":58}},"56":{"start":{"line":200,"column":4},"end":{"line":200,"column":72}},"57":{"start":{"line":202,"column":21},"end":{"line":206,"column":22}},"58":{"start":{"line":209,"column":4},"end":{"line":216,"column":7}},"59":{"start":{"line":218,"column":4},"end":{"line":218,"column":16}},"60":{"start":{"line":223,"column":17},"end":{"line":223,"column":62}},"61":{"start":{"line":224,"column":4},"end":{"line":224,"column":22}},"62":{"start":{"line":224,"column":15},"end":{"line":224,"column":22}},"63":{"start":{"line":227,"column":32},"end":{"line":230,"column":6}},"64":{"start":{"line":233,"column":31},"end":{"line":235,"column":6}},"65":{"start":{"line":238,"column":16},"end":{"line":238,"column":92}},"66":{"start":{"line":240,"column":21},"end":{"line":244,"column":22}},"67":{"start":{"line":246,"column":4},"end":{"line":254,"column":7}},"68":{"start":{"line":259,"column":4},"end":{"line":274,"column":null}},"69":{"start":{"line":260,"column":27},"end":{"line":260,"column":56}},"70":{"start":{"line":263,"column":6},"end":{"line":265,"column":null}},"71":{"start":{"line":264,"column":8},"end":{"line":264,"column":46}},"72":{"start":{"line":268,"column":19},"end":{"line":268,"column":77}},"73":{"start":{"line":270,"column":6},"end":{"line":270,"column":18}},"74":{"start":{"line":273,"column":6},"end":{"line":273,"column":52}},"75":{"start":{"line":15,"column":13},"end":{"line":276,"column":null}}},"fnMap":{"0":{"name":"(anonymous_8)","decl":{"start":{"line":16,"column":2},"end":{"line":16,"column":null}},"loc":{"start":{"line":19,"column":40},"end":{"line":20,"column":6}}},"1":{"name":"(anonymous_9)","decl":{"start":{"line":22,"column":2},"end":{"line":22,"column":7}},"loc":{"start":{"line":22,"column":48},"end":{"line":32,"column":3}}},"2":{"name":"(anonymous_10)","decl":{"start":{"line":34,"column":2},"end":{"line":34,"column":7}},"loc":{"start":{"line":34,"column":38},"end":{"line":70,"column":3}}},"3":{"name":"(anonymous_11)","decl":{"start":{"line":72,"column":2},"end":{"line":72,"column":7}},"loc":{"start":{"line":72,"column":28},"end":{"line":98,"column":3}}},"4":{"name":"(anonymous_12)","decl":{"start":{"line":100,"column":2},"end":{"line":100,"column":7}},"loc":{"start":{"line":100,"column":39},"end":{"line":124,"column":3}}},"5":{"name":"(anonymous_13)","decl":{"start":{"line":126,"column":2},"end":{"line":126,"column":7}},"loc":{"start":{"line":126,"column":41},"end":{"line":149,"column":3}}},"6":{"name":"(anonymous_14)","decl":{"start":{"line":151,"column":2},"end":{"line":151,"column":7}},"loc":{"start":{"line":151,"column":74},"end":{"line":173,"column":3}}},"7":{"name":"(anonymous_15)","decl":{"start":{"line":175,"column":2},"end":{"line":175,"column":7}},"loc":{"start":{"line":175,"column":59},"end":{"line":219,"column":3}}},"8":{"name":"(anonymous_16)","decl":{"start":{"line":221,"column":2},"end":{"line":221,"column":7}},"loc":{"start":{"line":221,"column":44},"end":{"line":255,"column":3}}},"9":{"name":"(anonymous_17)","decl":{"start":{"line":257,"column":2},"end":{"line":257,"column":7}},"loc":{"start":{"line":257,"column":35},"end":{"line":275,"column":3}}}},"branchMap":{"0":{"loc":{"start":{"line":25,"column":4},"end":{"line":29,"column":null}},"type":"if","locations":[{"start":{"line":25,"column":4},"end":{"line":29,"column":null}}]},"1":{"loc":{"start":{"line":25,"column":8},"end":{"line":25,"column":59}},"type":"binary-expr","locations":[{"start":{"line":25,"column":8},"end":{"line":25,"column":12}},{"start":{"line":25,"column":17},"end":{"line":25,"column":58}}]},"2":{"loc":{"start":{"line":47,"column":6},"end":{"line":47,"column":76}},"type":"cond-expr","locations":[{"start":{"line":47,"column":46},"end":{"line":47,"column":64}},{"start":{"line":47,"column":67},"end":{"line":47,"column":76}}]},"3":{"loc":{"start":{"line":78,"column":6},"end":{"line":78,"column":76}},"type":"cond-expr","locations":[{"start":{"line":78,"column":46},"end":{"line":78,"column":64}},{"start":{"line":78,"column":67},"end":{"line":78,"column":76}}]},"4":{"loc":{"start":{"line":110,"column":6},"end":{"line":110,"column":76}},"type":"cond-expr","locations":[{"start":{"line":110,"column":46},"end":{"line":110,"column":64}},{"start":{"line":110,"column":67},"end":{"line":110,"column":76}}]},"5":{"loc":{"start":{"line":181,"column":4},"end":{"line":183,"column":null}},"type":"if","locations":[{"start":{"line":181,"column":4},"end":{"line":183,"column":null}}]},"6":{"loc":{"start":{"line":185,"column":4},"end":{"line":187,"column":null}},"type":"if","locations":[{"start":{"line":185,"column":4},"end":{"line":187,"column":null}}]},"7":{"loc":{"start":{"line":185,"column":8},"end":{"line":185,"column":62}},"type":"binary-expr","locations":[{"start":{"line":185,"column":8},"end":{"line":185,"column":20}},{"start":{"line":185,"column":24},"end":{"line":185,"column":62}}]},"8":{"loc":{"start":{"line":191,"column":6},"end":{"line":191,"column":34}},"type":"binary-expr","locations":[{"start":{"line":191,"column":6},"end":{"line":191,"column":25}},{"start":{"line":191,"column":29},"end":{"line":191,"column":34}}]},"9":{"loc":{"start":{"line":194,"column":4},"end":{"line":194,"column":72}},"type":"if","locations":[{"start":{"line":194,"column":4},"end":{"line":194,"column":72}}]},"10":{"loc":{"start":{"line":224,"column":4},"end":{"line":224,"column":22}},"type":"if","locations":[{"start":{"line":224,"column":4},"end":{"line":224,"column":22}}]},"11":{"loc":{"start":{"line":263,"column":6},"end":{"line":265,"column":null}},"type":"if","locations":[{"start":{"line":263,"column":6},"end":{"line":265,"column":null}}]}},"s":{"0":0,"1":0,"2":0,"3":0,"4":0,"5":0,"6":0,"7":0,"8":0,"9":0,"10":0,"11":0,"12":0,"13":0,"14":0,"15":0,"16":0,"17":0,"18":0,"19":0,"20":0,"21":0,"22":0,"23":0,"24":0,"25":0,"26":0,"27":0,"28":0,"29":0,"30":0,"31":0,"32":0,"33":0,"34":0,"35":0,"36":0,"37":0,"38":0,"39":0,"40":0,"41":0,"42":0,"43":0,"44":0,"45":0,"46":0,"47":0,"48":0,"49":0,"50":0,"51":0,"52":0,"53":0,"54":0,"55":0,"56":0,"57":0,"58":0,"59":0,"60":0,"61":0,"62":0,"63":0,"64":0,"65":0,"66":0,"67":0,"68":0,"69":0,"70":0,"71":0,"72":0,"73":0,"74":0,"75":0},"f":{"0":0,"1":0,"2":0,"3":0,"4":0,"5":0,"6":0,"7":0,"8":0,"9":0},"b":{"0":[0],"1":[0,0],"2":[0,0],"3":[0,0],"4":[0,0],"5":[0],"6":[0],"7":[0,0],"8":[0,0],"9":[0],"10":[0],"11":[0]}}
,"C:\\Users\\aaron\\Projects\\sparx-api\\src\\auth\\constants.ts": {"path":"C:\\Users\\aaron\\Projects\\sparx-api\\src\\auth\\constants.ts","statementMap":{"0":{"start":{"line":1,"column":13},"end":{"line":4,"column":2}}},"fnMap":{},"branchMap":{},"s":{"0":0},"f":{},"b":{}}
,"C:\\Users\\aaron\\Projects\\sparx-api\\src\\auth\\dto\\change-password.ts": {"path":"C:\\Users\\aaron\\Projects\\sparx-api\\src\\auth\\dto\\change-password.ts","statementMap":{"0":{"start":{"line":1,"column":0},"end":{"line":1,"column":75}},"1":{"start":{"line":3,"column":0},"end":{"line":3,"column":13}},"2":{"start":{"line":11,"column":2},"end":{"line":11,"column":null}}},"fnMap":{},"branchMap":{},"s":{"0":0,"1":0,"2":0},"f":{},"b":{}}
,"C:\\Users\\aaron\\Projects\\sparx-api\\src\\auth\\dto\\login.dto.ts": {"path":"C:\\Users\\aaron\\Projects\\sparx-api\\src\\auth\\dto\\login.dto.ts","statementMap":{"0":{"start":{"line":1,"column":0},"end":{"line":1,"column":55}},"1":{"start":{"line":3,"column":0},"end":{"line":3,"column":13}},"2":{"start":{"line":6,"column":2},"end":{"line":6,"column":null}},"3":{"start":{"line":10,"column":2},"end":{"line":10,"column":null}}},"fnMap":{},"branchMap":{},"s":{"0":0,"1":0,"2":0,"3":0},"f":{},"b":{}}
,"C:\\Users\\aaron\\Projects\\sparx-api\\src\\auth\\dto\\register.dto.ts": {"path":"C:\\Users\\aaron\\Projects\\sparx-api\\src\\auth\\dto\\register.dto.ts","statementMap":{"0":{"start":{"line":1,"column":0},"end":{"line":1,"column":null}},"1":{"start":{"line":12,"column":0},"end":{"line":12,"column":55}},"2":{"start":{"line":15,"column":0},"end":{"line":15,"column":13}},"3":{"start":{"line":18,"column":2},"end":{"line":18,"column":null}},"4":{"start":{"line":23,"column":2},"end":{"line":23,"column":null}},"5":{"start":{"line":28,"column":2},"end":{"line":28,"column":null}},"6":{"start":{"line":37,"column":2},"end":{"line":37,"column":null}},"7":{"start":{"line":41,"column":2},"end":{"line":41,"column":null}},"8":{"start":{"line":45,"column":2},"end":{"line":45,"column":null}},"9":{"start":{"line":49,"column":2},"end":{"line":49,"column":null}},"10":{"start":{"line":53,"column":2},"end":{"line":53,"column":null}}},"fnMap":{},"branchMap":{},"s":{"0":0,"1":0,"2":0,"3":0,"4":0,"5":0,"6":0,"7":0,"8":0,"9":0,"10":0},"f":{},"b":{}}
,"C:\\Users\\aaron\\Projects\\sparx-api\\src\\auth\\dto\\reset-password.dto.ts": {"path":"C:\\Users\\aaron\\Projects\\sparx-api\\src\\auth\\dto\\reset-password.dto.ts","statementMap":{"0":{"start":{"line":1,"column":0},"end":{"line":1,"column":55}},"1":{"start":{"line":3,"column":0},"end":{"line":3,"column":13}},"2":{"start":{"line":6,"column":2},"end":{"line":6,"column":null}}},"fnMap":{},"branchMap":{},"s":{"0":0,"1":0,"2":0},"f":{},"b":{}}
,"C:\\Users\\aaron\\Projects\\sparx-api\\src\\auth\\guards\\jwt-auth.guard.ts": {"path":"C:\\Users\\aaron\\Projects\\sparx-api\\src\\auth\\guards\\jwt-auth.guard.ts","statementMap":{"0":{"start":{"line":1,"column":0},"end":{"line":1,"column":null}},"1":{"start":{"line":6,"column":0},"end":{"line":6,"column":45}},"2":{"start":{"line":7,"column":0},"end":{"line":7,"column":41}},"3":{"start":{"line":8,"column":0},"end":{"line":8,"column":64}},"4":{"start":{"line":11,"column":25},"end":{"line":34,"column":null}},"5":{"start":{"line":13,"column":4},"end":{"line":13,"column":12}},"6":{"start":{"line":12,"column":22},"end":{"line":12,"column":33}},"7":{"start":{"line":17,"column":21},"end":{"line":20,"column":6}},"8":{"start":{"line":21,"column":4},"end":{"line":23,"column":null}},"9":{"start":{"line":22,"column":6},"end":{"line":22,"column":18}},"10":{"start":{"line":24,"column":4},"end":{"line":24,"column":38}},"11":{"start":{"line":29,"column":4},"end":{"line":31,"column":null}},"12":{"start":{"line":30,"column":6},"end":{"line":30,"column":47}},"13":{"start":{"line":32,"column":4},"end":{"line":32,"column":16}},"14":{"start":{"line":11,"column":13},"end":{"line":34,"column":null}}},"fnMap":{"0":{"name":"(anonymous_2)","decl":{"start":{"line":12,"column":2},"end":{"line":12,"column":22}},"loc":{"start":{"line":12,"column":42},"end":{"line":14,"column":3}}},"1":{"name":"(anonymous_3)","decl":{"start":{"line":16,"column":2},"end":{"line":16,"column":13}},"loc":{"start":{"line":16,"column":39},"end":{"line":25,"column":3}}},"2":{"name":"(anonymous_4)","decl":{"start":{"line":27,"column":2},"end":{"line":27,"column":15}},"loc":{"start":{"line":27,"column":25},"end":{"line":33,"column":3}}}},"branchMap":{"0":{"loc":{"start":{"line":21,"column":4},"end":{"line":23,"column":null}},"type":"if","locations":[{"start":{"line":21,"column":4},"end":{"line":23,"column":null}}]},"1":{"loc":{"start":{"line":29,"column":4},"end":{"line":31,"column":null}},"type":"if","locations":[{"start":{"line":29,"column":4},"end":{"line":31,"column":null}}]},"2":{"loc":{"start":{"line":29,"column":8},"end":{"line":29,"column":20}},"type":"binary-expr","locations":[{"start":{"line":29,"column":8},"end":{"line":29,"column":11}},{"start":{"line":29,"column":15},"end":{"line":29,"column":20}}]},"3":{"loc":{"start":{"line":30,"column":12},"end":{"line":30,"column":46}},"type":"binary-expr","locations":[{"start":{"line":30,"column":12},"end":{"line":30,"column":15}},{"start":{"line":30,"column":19},"end":{"line":30,"column":46}}]}},"s":{"0":0,"1":0,"2":0,"3":0,"4":0,"5":0,"6":0,"7":0,"8":0,"9":0,"10":0,"11":0,"12":0,"13":0,"14":0},"f":{"0":0,"1":0,"2":0},"b":{"0":[0],"1":[0],"2":[0,0],"3":[0,0]}}
,"C:\\Users\\aaron\\Projects\\sparx-api\\src\\auth\\guards\\jwt-refresh.guard.ts": {"path":"C:\\Users\\aaron\\Projects\\sparx-api\\src\\auth\\guards\\jwt-refresh.guard.ts","statementMap":{"0":{"start":{"line":1,"column":0},"end":{"line":1,"column":44}},"1":{"start":{"line":2,"column":0},"end":{"line":2,"column":45}},"2":{"start":{"line":5,"column":32},"end":{"line":5,"column":null}},"3":{"start":{"line":5,"column":13},"end":{"line":5,"column":null}}},"fnMap":{},"branchMap":{},"s":{"0":0,"1":0,"2":0,"3":0},"f":{},"b":{}}
,"C:\\Users\\aaron\\Projects\\sparx-api\\src\\auth\\guards\\local-auth.guard.ts": {"path":"C:\\Users\\aaron\\Projects\\sparx-api\\src\\auth\\guards\\local-auth.guard.ts","statementMap":{"0":{"start":{"line":1,"column":0},"end":{"line":1,"column":44}},"1":{"start":{"line":2,"column":0},"end":{"line":2,"column":45}},"2":{"start":{"line":5,"column":27},"end":{"line":5,"column":null}},"3":{"start":{"line":5,"column":13},"end":{"line":5,"column":null}}},"fnMap":{},"branchMap":{},"s":{"0":0,"1":0,"2":0,"3":0},"f":{},"b":{}}
,"C:\\Users\\aaron\\Projects\\sparx-api\\src\\auth\\strategies\\jwt.strategy.ts": {"path":"C:\\Users\\aaron\\Projects\\sparx-api\\src\\auth\\strategies\\jwt.strategy.ts","statementMap":{"0":{"start":{"line":1,"column":0},"end":{"line":1,"column":44}},"1":{"start":{"line":2,"column":0},"end":{"line":2,"column":52}},"2":{"start":{"line":4,"column":0},"end":{"line":4,"column":52}},"3":{"start":{"line":5,"column":0},"end":{"line":5,"column":44}},"4":{"start":{"line":7,"column":0},"end":{"line":7,"column":55}},"5":{"start":{"line":10,"column":24},"end":{"line":36,"column":null}},"6":{"start":{"line":12,"column":4},"end":{"line":20,"column":7}},"7":{"start":{"line":11,"column":22},"end":{"line":11,"column":35}},"8":{"start":{"line":24,"column":16},"end":{"line":24,"column":20}},"9":{"start":{"line":25,"column":4},"end":{"line":27,"column":null}},"10":{"start":{"line":26,"column":6},"end":{"line":26,"column":42}},"11":{"start":{"line":28,"column":4},"end":{"line":28,"column":17}},"12":{"start":{"line":32,"column":17},"end":{"line":32,"column":69}},"13":{"start":{"line":34,"column":4},"end":{"line":34,"column":16}},"14":{"start":{"line":10,"column":13},"end":{"line":36,"column":null}}},"fnMap":{"0":{"name":"(anonymous_2)","decl":{"start":{"line":11,"column":2},"end":{"line":11,"column":22}},"loc":{"start":{"line":11,"column":47},"end":{"line":21,"column":3}}},"1":{"name":"(anonymous_3)","decl":{"start":{"line":23,"column":10},"end":{"line":23,"column":16}},"loc":{"start":{"line":23,"column":52},"end":{"line":29,"column":3}}},"2":{"name":"(anonymous_4)","decl":{"start":{"line":31,"column":2},"end":{"line":31,"column":7}},"loc":{"start":{"line":31,"column":29},"end":{"line":35,"column":3}}}},"branchMap":{"0":{"loc":{"start":{"line":25,"column":4},"end":{"line":27,"column":null}},"type":"if","locations":[{"start":{"line":25,"column":4},"end":{"line":27,"column":null}}]},"1":{"loc":{"start":{"line":25,"column":8},"end":{"line":25,"column":26}},"type":"binary-expr","locations":[{"start":{"line":25,"column":8},"end":{"line":25,"column":11}},{"start":{"line":25,"column":15},"end":{"line":25,"column":26}}]}},"s":{"0":0,"1":0,"2":0,"3":0,"4":0,"5":0,"6":0,"7":0,"8":0,"9":0,"10":0,"11":0,"12":0,"13":0,"14":0},"f":{"0":0,"1":0,"2":0},"b":{"0":[0],"1":[0,0]}}
,"C:\\Users\\aaron\\Projects\\sparx-api\\src\\auth\\strategies\\local.strategy.ts": {"path":"C:\\Users\\aaron\\Projects\\sparx-api\\src\\auth\\strategies\\local.strategy.ts","statementMap":{"0":{"start":{"line":1,"column":0},"end":{"line":1,"column":42}},"1":{"start":{"line":2,"column":0},"end":{"line":2,"column":52}},"2":{"start":{"line":3,"column":0},"end":{"line":3,"column":67}},"3":{"start":{"line":5,"column":0},"end":{"line":5,"column":46}},"4":{"start":{"line":8,"column":26},"end":{"line":21,"column":null}},"5":{"start":{"line":10,"column":4},"end":{"line":10,"column":38}},"6":{"start":{"line":9,"column":22},"end":{"line":9,"column":35}},"7":{"start":{"line":14,"column":17},"end":{"line":14,"column":69}},"8":{"start":{"line":16,"column":4},"end":{"line":18,"column":null}},"9":{"start":{"line":17,"column":6},"end":{"line":17,"column":40}},"10":{"start":{"line":19,"column":4},"end":{"line":19,"column":16}},"11":{"start":{"line":8,"column":13},"end":{"line":21,"column":null}}},"fnMap":{"0":{"name":"(anonymous_2)","decl":{"start":{"line":9,"column":2},"end":{"line":9,"column":22}},"loc":{"start":{"line":9,"column":46},"end":{"line":11,"column":3}}},"1":{"name":"(anonymous_3)","decl":{"start":{"line":13,"column":2},"end":{"line":13,"column":7}},"loc":{"start":{"line":13,"column":48},"end":{"line":20,"column":3}}}},"branchMap":{"0":{"loc":{"start":{"line":16,"column":4},"end":{"line":18,"column":null}},"type":"if","locations":[{"start":{"line":16,"column":4},"end":{"line":18,"column":null}}]}},"s":{"0":0,"1":0,"2":0,"3":0,"4":0,"5":0,"6":0,"7":0,"8":0,"9":0,"10":0,"11":0},"f":{"0":0,"1":0},"b":{"0":[0]}}
,"C:\\Users\\aaron\\Projects\\sparx-api\\src\\auth\\strategies\\refresh.strategy.ts": {"path":"C:\\Users\\aaron\\Projects\\sparx-api\\src\\auth\\strategies\\refresh.strategy.ts","statementMap":{"0":{"start":{"line":1,"column":0},"end":{"line":1,"column":44}},"1":{"start":{"line":2,"column":0},"end":{"line":2,"column":52}},"2":{"start":{"line":3,"column":0},"end":{"line":3,"column":52}},"3":{"start":{"line":6,"column":0},"end":{"line":6,"column":44}},"4":{"start":{"line":7,"column":0},"end":{"line":7,"column":55}},"5":{"start":{"line":10,"column":31},"end":{"line":38,"column":null}},"6":{"start":{"line":15,"column":4},"end":{"line":22,"column":7}},"7":{"start":{"line":14,"column":22},"end":{"line":14,"column":35}},"8":{"start":{"line":26,"column":16},"end":{"line":26,"column":20}},"9":{"start":{"line":27,"column":4},"end":{"line":29,"column":null}},"10":{"start":{"line":28,"column":6},"end":{"line":28,"column":43}},"11":{"start":{"line":30,"column":4},"end":{"line":30,"column":17}},"12":{"start":{"line":34,"column":17},"end":{"line":34,"column":69}},"13":{"start":{"line":36,"column":4},"end":{"line":36,"column":16}},"14":{"start":{"line":10,"column":13},"end":{"line":38,"column":null}}},"fnMap":{"0":{"name":"(anonymous_2)","decl":{"start":{"line":14,"column":2},"end":{"line":14,"column":22}},"loc":{"start":{"line":14,"column":47},"end":{"line":23,"column":3}}},"1":{"name":"(anonymous_3)","decl":{"start":{"line":25,"column":10},"end":{"line":25,"column":16}},"loc":{"start":{"line":25,"column":52},"end":{"line":31,"column":3}}},"2":{"name":"(anonymous_4)","decl":{"start":{"line":33,"column":2},"end":{"line":33,"column":7}},"loc":{"start":{"line":33,"column":29},"end":{"line":37,"column":3}}}},"branchMap":{"0":{"loc":{"start":{"line":27,"column":4},"end":{"line":29,"column":null}},"type":"if","locations":[{"start":{"line":27,"column":4},"end":{"line":29,"column":null}}]},"1":{"loc":{"start":{"line":27,"column":8},"end":{"line":27,"column":26}},"type":"binary-expr","locations":[{"start":{"line":27,"column":8},"end":{"line":27,"column":11}},{"start":{"line":27,"column":15},"end":{"line":27,"column":26}}]}},"s":{"0":0,"1":0,"2":0,"3":0,"4":0,"5":0,"6":0,"7":0,"8":0,"9":0,"10":0,"11":0,"12":0,"13":0,"14":0},"f":{"0":0,"1":0,"2":0},"b":{"0":[0],"1":[0,0]}}
,"C:\\Users\\aaron\\Projects\\sparx-api\\src\\auth\\validators\\is-password-matching.ts": {"path":"C:\\Users\\aaron\\Projects\\sparx-api\\src\\auth\\validators\\is-password-matching.ts","statementMap":{"0":{"start":{"line":1,"column":0},"end":{"line":1,"column":null}},"1":{"start":{"line":10,"column":41},"end":{"line":21,"column":null}},"2":{"start":{"line":14,"column":19},"end":{"line":14,"column":37}},"3":{"start":{"line":15,"column":4},"end":{"line":15,"column":40}},"4":{"start":{"line":19,"column":4},"end":{"line":19,"column":35}},"5":{"start":{"line":10,"column":13},"end":{"line":21,"column":null}},"6":{"start":{"line":24,"column":2},"end":{"line":33,"column":4}},"7":{"start":{"line":25,"column":4},"end":{"line":32,"column":7}},"8":{"start":{"line":23,"column":0},"end":{"line":23,"column":16}}},"fnMap":{"0":{"name":"(anonymous_1)","decl":{"start":{"line":13,"column":2},"end":{"line":13,"column":10}},"loc":{"start":{"line":13,"column":54},"end":{"line":16,"column":3}}},"1":{"name":"(anonymous_2)","decl":{"start":{"line":18,"column":2},"end":{"line":18,"column":16}},"loc":{"start":{"line":18,"column":16},"end":{"line":20,"column":3}}},"2":{"name":"IsPasswordMatching","decl":{"start":{"line":23,"column":16},"end":{"line":23,"column":34}},"loc":{"start":{"line":23,"column":72},"end":{"line":34,"column":1}}},"3":{"name":"(anonymous_4)","decl":{"start":{"line":24,"column":9},"end":{"line":24,"column":19}},"loc":{"start":{"line":24,"column":56},"end":{"line":33,"column":3}}}},"branchMap":{},"s":{"0":0,"1":0,"2":0,"3":0,"4":0,"5":0,"6":0,"7":0,"8":0},"f":{"0":0,"1":0,"2":0,"3":0},"b":{}}
,"C:\\Users\\aaron\\Projects\\sparx-api\\src\\channel-management\\channel-management.controller.ts": {"path":"C:\\Users\\aaron\\Projects\\sparx-api\\src\\channel-management\\channel-management.controller.ts","statementMap":{"0":{"start":{"line":1,"column":0},"end":{"line":1,"column":71}},"1":{"start":{"line":2,"column":0},"end":{"line":2,"column":67}},"2":{"start":{"line":4,"column":0},"end":{"line":4,"column":54}},"3":{"start":{"line":6,"column":0},"end":{"line":6,"column":72}},"4":{"start":{"line":10,"column":0},"end":{"line":10,"column":96}},"5":{"start":{"line":11,"column":0},"end":{"line":11,"column":52}},"6":{"start":{"line":14,"column":40},"end":{"line":92,"column":null}},"7":{"start":{"line":16,"column":21},"end":{"line":16,"column":47}},"8":{"start":{"line":28,"column":4},"end":{"line":32,"column":6}},"9":{"start":{"line":39,"column":4},"end":{"line":41,"column":6}},"10":{"start":{"line":49,"column":4},"end":{"line":53,"column":6}},"11":{"start":{"line":62,"column":4},"end":{"line":66,"column":6}},"12":{"start":{"line":74,"column":4},"end":{"line":74,"column":76}},"13":{"start":{"line":84,"column":6},"end":{"line":87,"column":null}},"14":{"start":{"line":90,"column":4},"end":{"line":90,"column":72}},"15":{"start":{"line":20,"column":2},"end":{"line":33,"column":null}},"16":{"start":{"line":36,"column":2},"end":{"line":42,"column":null}},"17":{"start":{"line":45,"column":2},"end":{"line":54,"column":null}},"18":{"start":{"line":57,"column":2},"end":{"line":67,"column":null}},"19":{"start":{"line":70,"column":2},"end":{"line":75,"column":null}},"20":{"start":{"line":78,"column":8},"end":{"line":91,"column":null}},"21":{"start":{"line":14,"column":13},"end":{"line":92,"column":null}}},"fnMap":{"0":{"name":"(anonymous_4)","decl":{"start":{"line":15,"column":2},"end":{"line":15,"column":null}},"loc":{"start":{"line":16,"column":71},"end":{"line":17,"column":6}}},"1":{"name":"(anonymous_5)","decl":{"start":{"line":20,"column":2},"end":{"line":20,"column":15}},"loc":{"start":{"line":26,"column":61},"end":{"line":33,"column":3}}},"2":{"name":"(anonymous_6)","decl":{"start":{"line":36,"column":2},"end":{"line":36,"column":21}},"loc":{"start":{"line":37,"column":41},"end":{"line":42,"column":3}}},"3":{"name":"(anonymous_7)","decl":{"start":{"line":45,"column":2},"end":{"line":45,"column":13}},"loc":{"start":{"line":47,"column":58},"end":{"line":54,"column":3}}},"4":{"name":"(anonymous_8)","decl":{"start":{"line":57,"column":2},"end":{"line":57,"column":13}},"loc":{"start":{"line":59,"column":29},"end":{"line":67,"column":3}}},"5":{"name":"(anonymous_9)","decl":{"start":{"line":70,"column":2},"end":{"line":70,"column":14}},"loc":{"start":{"line":72,"column":41},"end":{"line":75,"column":3}}},"6":{"name":"(anonymous_10)","decl":{"start":{"line":78,"column":2},"end":{"line":78,"column":7}},"loc":{"start":{"line":81,"column":32},"end":{"line":91,"column":3}}}},"branchMap":{},"s":{"0":0,"1":0,"2":0,"3":0,"4":0,"5":0,"6":0,"7":0,"8":0,"9":0,"10":0,"11":0,"12":0,"13":0,"14":0,"15":0,"16":0,"17":0,"18":0,"19":0,"20":0,"21":0},"f":{"0":0,"1":0,"2":0,"3":0,"4":0,"5":0,"6":0},"b":{}}
,"C:\\Users\\aaron\\Projects\\sparx-api\\src\\channel-management\\channel-management.module.ts": {"path":"C:\\Users\\aaron\\Projects\\sparx-api\\src\\channel-management\\channel-management.module.ts","statementMap":{"0":{"start":{"line":1,"column":0},"end":{"line":1,"column":40}},"1":{"start":{"line":3,"column":0},"end":{"line":3,"column":72}},"2":{"start":{"line":4,"column":0},"end":{"line":4,"column":78}},"3":{"start":{"line":6,"column":0},"end":{"line":6,"column":100}},"4":{"start":{"line":7,"column":0},"end":{"line":7,"column":62}},"5":{"start":{"line":8,"column":0},"end":{"line":8,"column":53}},"6":{"start":{"line":9,"column":0},"end":{"line":9,"column":62}},"7":{"start":{"line":10,"column":0},"end":{"line":10,"column":68}},"8":{"start":{"line":23,"column":36},"end":{"line":23,"column":null}},"9":{"start":{"line":23,"column":13},"end":{"line":23,"column":null}}},"fnMap":{},"branchMap":{},"s":{"0":0,"1":0,"2":0,"3":0,"4":0,"5":0,"6":0,"7":0,"8":0,"9":0},"f":{},"b":{}}
,"C:\\Users\\aaron\\Projects\\sparx-api\\src\\channel-management\\channel-management.service.ts": {"path":"C:\\Users\\aaron\\Projects\\sparx-api\\src\\channel-management\\channel-management.service.ts","statementMap":{"0":{"start":{"line":1,"column":0},"end":{"line":1,"column":null}},"1":{"start":{"line":8,"column":0},"end":{"line":8,"column":102}},"2":{"start":{"line":9,"column":0},"end":{"line":9,"column":64}},"3":{"start":{"line":10,"column":0},"end":{"line":10,"column":108}},"4":{"start":{"line":11,"column":0},"end":{"line":11,"column":70}},"5":{"start":{"line":12,"column":0},"end":{"line":12,"column":70}},"6":{"start":{"line":13,"column":0},"end":{"line":13,"column":61}},"7":{"start":{"line":15,"column":0},"end":{"line":15,"column":67}},"8":{"start":{"line":20,"column":0},"end":{"line":20,"column":67}},"9":{"start":{"line":21,"column":0},"end":{"line":21,"column":54}},"10":{"start":{"line":24,"column":37},"end":{"line":317,"column":null}},"11":{"start":{"line":26,"column":12},"end":{"line":26,"column":41}},"12":{"start":{"line":27,"column":12},"end":{"line":27,"column":29}},"13":{"start":{"line":28,"column":12},"end":{"line":28,"column":43}},"14":{"start":{"line":29,"column":12},"end":{"line":29,"column":32}},"15":{"start":{"line":30,"column":12},"end":{"line":30,"column":32}},"16":{"start":{"line":31,"column":12},"end":{"line":31,"column":29}},"17":{"start":{"line":32,"column":12},"end":{"line":32,"column":20}},"18":{"start":{"line":41,"column":20},"end":{"line":41,"column":78}},"19":{"start":{"line":43,"column":20},"end":{"line":44,"column":null}},"20":{"start":{"line":48,"column":4},"end":{"line":48,"column":73}},"21":{"start":{"line":50,"column":4},"end":{"line":50,"column":72}},"22":{"start":{"line":52,"column":4},"end":{"line":52,"column":19}},"23":{"start":{"line":57,"column":20},"end":{"line":58,"column":null}},"24":{"start":{"line":61,"column":4},"end":{"line":67,"column":null}},"25":{"start":{"line":62,"column":6},"end":{"line":66,"column":8}},"26":{"start":{"line":70,"column":23},"end":{"line":73,"column":6}},"27":{"start":{"line":76,"column":27},"end":{"line":85,"column":6}},"28":{"start":{"line":77,"column":19},"end":{"line":79,"column":8}},"29":{"start":{"line":80,"column":22},"end":{"line":82,"column":null}},"30":{"start":{"line":84,"column":6},"end":{"line":84,"column":71}},"31":{"start":{"line":87,"column":4},"end":{"line":87,"column":38}},"32":{"start":{"line":89,"column":4},"end":{"line":105,"column":null}},"33":{"start":{"line":89,"column":17},"end":{"line":89,"column":18}},"34":{"start":{"line":90,"column":6},"end":{"line":93,"column":8}},"35":{"start":{"line":95,"column":19},"end":{"line":97,"column":8}},"36":{"start":{"line":99,"column":22},"end":{"line":101,"column":null}},"37":{"start":{"line":104,"column":6},"end":{"line":104,"column":73}},"38":{"start":{"line":109,"column":4},"end":{"line":109,"column":22}},"39":{"start":{"line":117,"column":4},"end":{"line":123,"column":6}},"40":{"start":{"line":131,"column":17},"end":{"line":133,"column":6}},"41":{"start":{"line":135,"column":20},"end":{"line":139,"column":6}},"42":{"start":{"line":142,"column":20},"end":{"line":146,"column":6}},"43":{"start":{"line":150,"column":6},"end":{"line":155,"column":8}},"44":{"start":{"line":157,"column":4},"end":{"line":161,"column":8}},"45":{"start":{"line":158,"column":6},"end":{"line":161,"column":8}},"46":{"start":{"line":163,"column":4},"end":{"line":180,"column":null}},"47":{"start":{"line":165,"column":6},"end":{"line":168,"column":8}},"48":{"start":{"line":174,"column":37},"end":{"line":178,"column":8}},"49":{"start":{"line":179,"column":6},"end":{"line":179,"column":76}},"50":{"start":{"line":184,"column":6},"end":{"line":184,"column":79}},"51":{"start":{"line":191,"column":4},"end":{"line":194,"column":7}},"52":{"start":{"line":199,"column":4},"end":{"line":199,"column":19}},"53":{"start":{"line":204,"column":20},"end":{"line":208,"column":6}},"54":{"start":{"line":211,"column":6},"end":{"line":218,"column":8}},"55":{"start":{"line":220,"column":4},"end":{"line":222,"column":null}},"56":{"start":{"line":221,"column":6},"end":{"line":221,"column":13}},"57":{"start":{"line":225,"column":20},"end":{"line":230,"column":6}},"58":{"start":{"line":233,"column":25},"end":{"line":236,"column":6}},"59":{"start":{"line":237,"column":4},"end":{"line":237,"column":53}},"60":{"start":{"line":239,"column":4},"end":{"line":239,"column":71}},"61":{"start":{"line":242,"column":6},"end":{"line":242,"column":79}},"62":{"start":{"line":246,"column":4},"end":{"line":246,"column":79}},"63":{"start":{"line":248,"column":4},"end":{"line":251,"column":7}},"64":{"start":{"line":259,"column":4},"end":{"line":259,"column":51}},"65":{"start":{"line":267,"column":6},"end":{"line":269,"column":null}},"66":{"start":{"line":275,"column":4},"end":{"line":275,"column":31}},"67":{"start":{"line":283,"column":4},"end":{"line":299,"column":null}},"68":{"start":{"line":283,"column":17},"end":{"line":283,"column":18}},"69":{"start":{"line":284,"column":6},"end":{"line":298,"column":null}},"70":{"start":{"line":285,"column":21},"end":{"line":285,"column":74}},"71":{"start":{"line":287,"column":10},"end":{"line":289,"column":null}},"72":{"start":{"line":291,"column":8},"end":{"line":295,"column":10}},"73":{"start":{"line":297,"column":8},"end":{"line":297,"column":27}},"74":{"start":{"line":315,"column":4},"end":{"line":315,"column":21}},"75":{"start":{"line":24,"column":13},"end":{"line":317,"column":null}}},"fnMap":{"0":{"name":"(anonymous_2)","decl":{"start":{"line":25,"column":2},"end":{"line":25,"column":null}},"loc":{"start":{"line":32,"column":33},"end":{"line":33,"column":6}}},"1":{"name":"(anonymous_3)","decl":{"start":{"line":35,"column":2},"end":{"line":35,"column":7}},"loc":{"start":{"line":38,"column":23},"end":{"line":53,"column":3}}},"2":{"name":"(anonymous_4)","decl":{"start":{"line":55,"column":2},"end":{"line":55,"column":7}},"loc":{"start":{"line":55,"column":54},"end":{"line":110,"column":3}}},"3":{"name":"(anonymous_5)","decl":{"start":{"line":76,"column":41},"end":{"line":76,"column":46}},"loc":{"start":{"line":76,"column":68},"end":{"line":85,"column":5}}},"4":{"name":"(anonymous_6)","decl":{"start":{"line":112,"column":2},"end":{"line":112,"column":7}},"loc":{"start":{"line":115,"column":23},"end":{"line":124,"column":3}}},"5":{"name":"(anonymous_7)","decl":{"start":{"line":126,"column":2},"end":{"line":126,"column":7}},"loc":{"start":{"line":129,"column":23},"end":{"line":200,"column":3}}},"6":{"name":"(anonymous_8)","decl":{"start":{"line":202,"column":2},"end":{"line":202,"column":7}},"loc":{"start":{"line":202,"column":58},"end":{"line":252,"column":3}}},"7":{"name":"(anonymous_9)","decl":{"start":{"line":254,"column":2},"end":{"line":254,"column":7}},"loc":{"start":{"line":257,"column":27},"end":{"line":276,"column":3}}},"8":{"name":"(anonymous_10)","decl":{"start":{"line":278,"column":2},"end":{"line":278,"column":7}},"loc":{"start":{"line":280,"column":21},"end":{"line":316,"column":3}}}},"branchMap":{"0":{"loc":{"start":{"line":61,"column":4},"end":{"line":67,"column":null}},"type":"if","locations":[{"start":{"line":61,"column":4},"end":{"line":67,"column":null}}]},"1":{"loc":{"start":{"line":157,"column":4},"end":{"line":161,"column":8}},"type":"if","locations":[{"start":{"line":157,"column":4},"end":{"line":161,"column":8}}]},"2":{"loc":{"start":{"line":163,"column":4},"end":{"line":180,"column":null}},"type":"if","locations":[{"start":{"line":163,"column":4},"end":{"line":180,"column":null}},{"start":{"line":169,"column":11},"end":{"line":180,"column":null}}]},"3":{"loc":{"start":{"line":220,"column":4},"end":{"line":222,"column":null}},"type":"if","locations":[{"start":{"line":220,"column":4},"end":{"line":222,"column":null}}]}},"s":{"0":0,"1":0,"2":0,"3":0,"4":0,"5":0,"6":0,"7":0,"8":0,"9":0,"10":0,"11":0,"12":0,"13":0,"14":0,"15":0,"16":0,"17":0,"18":0,"19":0,"20":0,"21":0,"22":0,"23":0,"24":0,"25":0,"26":0,"27":0,"28":0,"29":0,"30":0,"31":0,"32":0,"33":0,"34":0,"35":0,"36":0,"37":0,"38":0,"39":0,"40":0,"41":0,"42":0,"43":0,"44":0,"45":0,"46":0,"47":0,"48":0,"49":0,"50":0,"51":0,"52":0,"53":0,"54":0,"55":0,"56":0,"57":0,"58":0,"59":0,"60":0,"61":0,"62":0,"63":0,"64":0,"65":0,"66":0,"67":0,"68":0,"69":0,"70":0,"71":0,"72":0,"73":0,"74":0,"75":0},"f":{"0":0,"1":0,"2":0,"3":0,"4":0,"5":0,"6":0,"7":0,"8":0},"b":{"0":[0],"1":[0],"2":[0,0],"3":[0]}}
,"C:\\Users\\aaron\\Projects\\sparx-api\\src\\channel-subscriptions\\channel-subscriptions.controller.ts": {"path":"C:\\Users\\aaron\\Projects\\sparx-api\\src\\channel-subscriptions\\channel-subscriptions.controller.ts","statementMap":{"0":{"start":{"line":1,"column":0},"end":{"line":1,"column":64}},"1":{"start":{"line":2,"column":0},"end":{"line":2,"column":48}},"2":{"start":{"line":3,"column":0},"end":{"line":3,"column":67}},"3":{"start":{"line":5,"column":0},"end":{"line":5,"column":78}},"4":{"start":{"line":7,"column":0},"end":{"line":7,"column":54}},"5":{"start":{"line":9,"column":0},"end":{"line":9,"column":72}},"6":{"start":{"line":10,"column":0},"end":{"line":10,"column":52}},"7":{"start":{"line":14,"column":43},"end":{"line":50,"column":null}},"8":{"start":{"line":16,"column":21},"end":{"line":16,"column":50}},"9":{"start":{"line":26,"column":6},"end":{"line":29,"column":null}},"10":{"start":{"line":32,"column":4},"end":{"line":32,"column":72}},"11":{"start":{"line":42,"column":6},"end":{"line":45,"column":null}},"12":{"start":{"line":48,"column":4},"end":{"line":48,"column":72}},"13":{"start":{"line":20,"column":8},"end":{"line":33,"column":null}},"14":{"start":{"line":36,"column":8},"end":{"line":49,"column":null}},"15":{"start":{"line":14,"column":13},"end":{"line":50,"column":null}}},"fnMap":{"0":{"name":"(anonymous_4)","decl":{"start":{"line":15,"column":2},"end":{"line":15,"column":null}},"loc":{"start":{"line":16,"column":77},"end":{"line":17,"column":6}}},"1":{"name":"(anonymous_5)","decl":{"start":{"line":20,"column":2},"end":{"line":20,"column":7}},"loc":{"start":{"line":23,"column":53},"end":{"line":33,"column":3}}},"2":{"name":"(anonymous_6)","decl":{"start":{"line":36,"column":2},"end":{"line":36,"column":7}},"loc":{"start":{"line":39,"column":53},"end":{"line":49,"column":3}}}},"branchMap":{},"s":{"0":0,"1":0,"2":0,"3":0,"4":0,"5":0,"6":0,"7":0,"8":0,"9":0,"10":0,"11":0,"12":0,"13":0,"14":0,"15":0},"f":{"0":0,"1":0,"2":0},"b":{}}
,"C:\\Users\\aaron\\Projects\\sparx-api\\src\\channel-subscriptions\\channel-subscriptions.module.ts": {"path":"C:\\Users\\aaron\\Projects\\sparx-api\\src\\channel-subscriptions\\channel-subscriptions.module.ts","statementMap":{"0":{"start":{"line":1,"column":0},"end":{"line":1,"column":52}},"1":{"start":{"line":3,"column":0},"end":{"line":3,"column":78}},"2":{"start":{"line":4,"column":0},"end":{"line":4,"column":84}},"3":{"start":{"line":5,"column":0},"end":{"line":5,"column":84}},"4":{"start":{"line":7,"column":0},"end":{"line":7,"column":75}},"5":{"start":{"line":9,"column":0},"end":{"line":9,"column":48}},"6":{"start":{"line":10,"column":0},"end":{"line":10,"column":62}},"7":{"start":{"line":11,"column":0},"end":{"line":11,"column":62}},"8":{"start":{"line":23,"column":39},"end":{"line":23,"column":null}},"9":{"start":{"line":23,"column":13},"end":{"line":23,"column":null}},"10":{"start":{"line":16,"column":21},"end":{"line":16,"column":35}}},"fnMap":{"0":{"name":"(anonymous_1)","decl":{"start":{"line":16,"column":15},"end":{"line":16,"column":18}},"loc":{"start":{"line":16,"column":21},"end":{"line":16,"column":35}}}},"branchMap":{},"s":{"0":0,"1":0,"2":0,"3":0,"4":0,"5":0,"6":0,"7":0,"8":0,"9":0,"10":0},"f":{"0":0},"b":{}}
,"C:\\Users\\aaron\\Projects\\sparx-api\\src\\channel-subscriptions\\channel-subscriptions.repository.ts": {"path":"C:\\Users\\aaron\\Projects\\sparx-api\\src\\channel-subscriptions\\channel-subscriptions.repository.ts","statementMap":{"0":{"start":{"line":1,"column":0},"end":{"line":1,"column":67}},"1":{"start":{"line":2,"column":0},"end":{"line":2,"column":44}},"2":{"start":{"line":4,"column":0},"end":{"line":4,"column":75}},"3":{"start":{"line":7,"column":43},"end":{"line":68,"column":null}},"4":{"start":{"line":9,"column":4},"end":{"line":9,"column":65}},"5":{"start":{"line":8,"column":22},"end":{"line":8,"column":34}},"6":{"start":{"line":16,"column":4},"end":{"line":19,"column":7}},"7":{"start":{"line":23,"column":4},"end":{"line":30,"column":17}},"8":{"start":{"line":36,"column":4},"end":{"line":39,"column":7}},"9":{"start":{"line":43,"column":4},"end":{"line":48,"column":18}},"10":{"start":{"line":54,"column":4},"end":{"line":66,"column":17}},"11":{"start":{"line":7,"column":13},"end":{"line":68,"column":null}}},"fnMap":{"0":{"name":"(anonymous_2)","decl":{"start":{"line":8,"column":2},"end":{"line":8,"column":22}},"loc":{"start":{"line":8,"column":44},"end":{"line":10,"column":3}}},"1":{"name":"(anonymous_3)","decl":{"start":{"line":12,"column":2},"end":{"line":12,"column":21}},"loc":{"start":{"line":14,"column":24},"end":{"line":20,"column":3}}},"2":{"name":"(anonymous_4)","decl":{"start":{"line":22,"column":2},"end":{"line":22,"column":16}},"loc":{"start":{"line":22,"column":33},"end":{"line":31,"column":3}}},"3":{"name":"(anonymous_5)","decl":{"start":{"line":33,"column":2},"end":{"line":33,"column":32}},"loc":{"start":{"line":34,"column":18},"end":{"line":40,"column":3}}},"4":{"name":"(anonymous_6)","decl":{"start":{"line":42,"column":2},"end":{"line":42,"column":22}},"loc":{"start":{"line":42,"column":40},"end":{"line":49,"column":3}}},"5":{"name":"(anonymous_7)","decl":{"start":{"line":51,"column":2},"end":{"line":51,"column":38}},"loc":{"start":{"line":52,"column":20},"end":{"line":67,"column":3}}}},"branchMap":{},"s":{"0":0,"1":0,"2":0,"3":0,"4":0,"5":0,"6":0,"7":0,"8":0,"9":0,"10":0,"11":0},"f":{"0":0,"1":0,"2":0,"3":0,"4":0,"5":0},"b":{}}
,"C:\\Users\\aaron\\Projects\\sparx-api\\src\\channel-subscriptions\\channel-subscriptions.service.ts": {"path":"C:\\Users\\aaron\\Projects\\sparx-api\\src\\channel-subscriptions\\channel-subscriptions.service.ts","statementMap":{"0":{"start":{"line":1,"column":0},"end":{"line":1,"column":44}},"1":{"start":{"line":5,"column":0},"end":{"line":5,"column":84}},"2":{"start":{"line":6,"column":0},"end":{"line":6,"column":70}},"3":{"start":{"line":7,"column":0},"end":{"line":7,"column":70}},"4":{"start":{"line":12,"column":0},"end":{"line":12,"column":54}},"5":{"start":{"line":15,"column":40},"end":{"line":148,"column":null}},"6":{"start":{"line":17,"column":12},"end":{"line":17,"column":44}},"7":{"start":{"line":18,"column":12},"end":{"line":18,"column":32}},"8":{"start":{"line":19,"column":12},"end":{"line":19,"column":32}},"9":{"start":{"line":20,"column":12},"end":{"line":20,"column":20}},"10":{"start":{"line":26,"column":4},"end":{"line":30,"column":7}},"11":{"start":{"line":34,"column":4},"end":{"line":34,"column":71}},"12":{"start":{"line":38,"column":4},"end":{"line":38,"column":79}},"13":{"start":{"line":45,"column":4},"end":{"line":51,"column":7}},"14":{"start":{"line":60,"column":6},"end":{"line":65,"column":8}},"15":{"start":{"line":68,"column":4},"end":{"line":68,"column":54}},"16":{"start":{"line":70,"column":6},"end":{"line":70,"column":73}},"17":{"start":{"line":72,"column":4},"end":{"line":76,"column":6}},"18":{"start":{"line":78,"column":4},"end":{"line":78,"column":38}},"19":{"start":{"line":86,"column":4},"end":{"line":120,"column":null}},"20":{"start":{"line":88,"column":8},"end":{"line":94,"column":10}},"21":{"start":{"line":96,"column":22},"end":{"line":100,"column":8}},"22":{"start":{"line":102,"column":6},"end":{"line":102,"column":74}},"23":{"start":{"line":105,"column":8},"end":{"line":105,"column":75}},"24":{"start":{"line":107,"column":6},"end":{"line":115,"column":8}},"25":{"start":{"line":117,"column":6},"end":{"line":117,"column":40}},"26":{"start":{"line":119,"column":6},"end":{"line":119,"column":62}},"27":{"start":{"line":128,"column":6},"end":{"line":129,"column":null}},"28":{"start":{"line":133,"column":33},"end":{"line":143,"column":null}},"29":{"start":{"line":135,"column":8},"end":{"line":143,"column":13}},"30":{"start":{"line":140,"column":34},"end":{"line":143,"column":12}},"31":{"start":{"line":146,"column":4},"end":{"line":146,"column":51}},"32":{"start":{"line":15,"column":13},"end":{"line":148,"column":null}}},"fnMap":{"0":{"name":"(anonymous_2)","decl":{"start":{"line":16,"column":2},"end":{"line":16,"column":null}},"loc":{"start":{"line":20,"column":33},"end":{"line":21,"column":6}}},"1":{"name":"(anonymous_3)","decl":{"start":{"line":23,"column":2},"end":{"line":23,"column":8}},"loc":{"start":{"line":24,"column":56},"end":{"line":31,"column":3}}},"2":{"name":"(anonymous_4)","decl":{"start":{"line":33,"column":2},"end":{"line":33,"column":9}},"loc":{"start":{"line":33,"column":29},"end":{"line":35,"column":3}}},"3":{"name":"(anonymous_5)","decl":{"start":{"line":37,"column":2},"end":{"line":37,"column":21}},"loc":{"start":{"line":37,"column":39},"end":{"line":39,"column":3}}},"4":{"name":"(anonymous_6)","decl":{"start":{"line":41,"column":2},"end":{"line":41,"column":25}},"loc":{"start":{"line":43,"column":23},"end":{"line":52,"column":3}}},"5":{"name":"(anonymous_7)","decl":{"start":{"line":54,"column":2},"end":{"line":54,"column":7}},"loc":{"start":{"line":57,"column":41},"end":{"line":79,"column":3}}},"6":{"name":"(anonymous_8)","decl":{"start":{"line":81,"column":2},"end":{"line":81,"column":7}},"loc":{"start":{"line":84,"column":23},"end":{"line":121,"column":3}}},"7":{"name":"(anonymous_9)","decl":{"start":{"line":123,"column":2},"end":{"line":123,"column":7}},"loc":{"start":{"line":124,"column":18},"end":{"line":147,"column":3}}},"8":{"name":"(anonymous_10)","decl":{"start":{"line":134,"column":6},"end":{"line":134,"column":7}},"loc":{"start":{"line":135,"column":8},"end":{"line":143,"column":13}}},"9":{"name":"(anonymous_11)","decl":{"start":{"line":140,"column":16},"end":{"line":140,"column":17}},"loc":{"start":{"line":140,"column":34},"end":{"line":143,"column":12}}}},"branchMap":{},"s":{"0":0,"1":0,"2":0,"3":0,"4":0,"5":0,"6":0,"7":0,"8":0,"9":0,"10":0,"11":0,"12":0,"13":0,"14":0,"15":0,"16":0,"17":0,"18":0,"19":0,"20":0,"21":0,"22":0,"23":0,"24":0,"25":0,"26":0,"27":0,"28":0,"29":0,"30":0,"31":0,"32":0},"f":{"0":0,"1":0,"2":0,"3":0,"4":0,"5":0,"6":0,"7":0,"8":0,"9":0},"b":{}}
,"C:\\Users\\aaron\\Projects\\sparx-api\\src\\channel-subscriptions\\dto\\channel-subscription.dto.ts": {"path":"C:\\Users\\aaron\\Projects\\sparx-api\\src\\channel-subscriptions\\dto\\channel-subscription.dto.ts","statementMap":{"0":{"start":{"line":1,"column":0},"end":{"line":1,"column":60}},"1":{"start":{"line":2,"column":0},"end":{"line":2,"column":41}},"2":{"start":{"line":4,"column":0},"end":{"line":4,"column":13}},"3":{"start":{"line":6,"column":2},"end":{"line":6,"column":null}},"4":{"start":{"line":9,"column":2},"end":{"line":9,"column":null}},"5":{"start":{"line":12,"column":2},"end":{"line":12,"column":null}},"6":{"start":{"line":15,"column":2},"end":{"line":15,"column":null}}},"fnMap":{},"branchMap":{},"s":{"0":0,"1":0,"2":0,"3":0,"4":0,"5":0,"6":0},"f":{},"b":{}}
,"C:\\Users\\aaron\\Projects\\sparx-api\\src\\channel-subscriptions\\dto\\channel-unreads.dto.ts": {"path":"C:\\Users\\aaron\\Projects\\sparx-api\\src\\channel-subscriptions\\dto\\channel-unreads.dto.ts","statementMap":{"0":{"start":{"line":1,"column":0},"end":{"line":1,"column":63}},"1":{"start":{"line":3,"column":0},"end":{"line":3,"column":13}},"2":{"start":{"line":6,"column":2},"end":{"line":6,"column":null}},"3":{"start":{"line":10,"column":2},"end":{"line":10,"column":null}}},"fnMap":{},"branchMap":{},"s":{"0":0,"1":0,"2":0,"3":0},"f":{},"b":{}}
,"C:\\Users\\aaron\\Projects\\sparx-api\\src\\channel-subscriptions\\dto\\create-channel-subscription.dto.ts": {"path":"C:\\Users\\aaron\\Projects\\sparx-api\\src\\channel-subscriptions\\dto\\create-channel-subscription.dto.ts","statementMap":{"0":{"start":{"line":1,"column":0},"end":{"line":1,"column":55}},"1":{"start":{"line":3,"column":0},"end":{"line":3,"column":13}},"2":{"start":{"line":6,"column":2},"end":{"line":6,"column":null}},"3":{"start":{"line":10,"column":2},"end":{"line":10,"column":null}},"4":{"start":{"line":14,"column":2},"end":{"line":14,"column":null}}},"fnMap":{},"branchMap":{},"s":{"0":0,"1":0,"2":0,"3":0,"4":0},"f":{},"b":{}}
,"C:\\Users\\aaron\\Projects\\sparx-api\\src\\channel-subscriptions\\dto\\update-channel-subscription.dto.ts": {"path":"C:\\Users\\aaron\\Projects\\sparx-api\\src\\channel-subscriptions\\dto\\update-channel-subscription.dto.ts","statementMap":{"0":{"start":{"line":1,"column":0},"end":{"line":1,"column":13}}},"fnMap":{},"branchMap":{},"s":{"0":0},"f":{},"b":{}}
,"C:\\Users\\aaron\\Projects\\sparx-api\\src\\channel-subscriptions\\entity\\channel-subscription.entity.ts": {"path":"C:\\Users\\aaron\\Projects\\sparx-api\\src\\channel-subscriptions\\entity\\channel-subscription.entity.ts","statementMap":{"0":{"start":{"line":1,"column":0},"end":{"line":1,"column":52}},"1":{"start":{"line":2,"column":0},"end":{"line":2,"column":63}},"2":{"start":{"line":3,"column":0},"end":{"line":3,"column":54}},"3":{"start":{"line":4,"column":0},"end":{"line":4,"column":63}},"4":{"start":{"line":5,"column":0},"end":{"line":5,"column":63}},"5":{"start":{"line":8,"column":32},"end":{"line":26,"column":null}},"6":{"start":{"line":10,"column":2},"end":{"line":10,"column":null}},"7":{"start":{"line":13,"column":2},"end":{"line":13,"column":null}},"8":{"start":{"line":16,"column":2},"end":{"line":16,"column":null}},"9":{"start":{"line":19,"column":2},"end":{"line":19,"column":null}},"10":{"start":{"line":18,"column":19},"end":{"line":18,"column":23}},"11":{"start":{"line":18,"column":35},"end":{"line":18,"column":60}},"12":{"start":{"line":22,"column":2},"end":{"line":22,"column":null}},"13":{"start":{"line":21,"column":19},"end":{"line":21,"column":26}},"14":{"start":{"line":21,"column":41},"end":{"line":21,"column":69}},"15":{"start":{"line":25,"column":2},"end":{"line":25,"column":null}},"16":{"start":{"line":24,"column":19},"end":{"line":24,"column":26}},"17":{"start":{"line":24,"column":41},"end":{"line":24,"column":57}},"18":{"start":{"line":8,"column":13},"end":{"line":26,"column":null}}},"fnMap":{"0":{"name":"(anonymous_2)","decl":{"start":{"line":18,"column":13},"end":{"line":18,"column":16}},"loc":{"start":{"line":18,"column":19},"end":{"line":18,"column":23}}},"1":{"name":"(anonymous_3)","decl":{"start":{"line":18,"column":25},"end":{"line":18,"column":26}},"loc":{"start":{"line":18,"column":35},"end":{"line":18,"column":60}}},"2":{"name":"(anonymous_4)","decl":{"start":{"line":21,"column":13},"end":{"line":21,"column":16}},"loc":{"start":{"line":21,"column":19},"end":{"line":21,"column":26}}},"3":{"name":"(anonymous_5)","decl":{"start":{"line":21,"column":28},"end":{"line":21,"column":29}},"loc":{"start":{"line":21,"column":41},"end":{"line":21,"column":69}}},"4":{"name":"(anonymous_6)","decl":{"start":{"line":24,"column":13},"end":{"line":24,"column":16}},"loc":{"start":{"line":24,"column":19},"end":{"line":24,"column":26}}},"5":{"name":"(anonymous_7)","decl":{"start":{"line":24,"column":28},"end":{"line":24,"column":29}},"loc":{"start":{"line":24,"column":41},"end":{"line":24,"column":57}}}},"branchMap":{},"s":{"0":0,"1":0,"2":0,"3":0,"4":0,"5":0,"6":0,"7":0,"8":0,"9":0,"10":0,"11":0,"12":0,"13":0,"14":0,"15":0,"16":0,"17":0,"18":0},"f":{"0":0,"1":0,"2":0,"3":0,"4":0,"5":0},"b":{}}
,"C:\\Users\\aaron\\Projects\\sparx-api\\src\\channels\\channels.controller.ts": {"path":"C:\\Users\\aaron\\Projects\\sparx-api\\src\\channels\\channels.controller.ts","statementMap":{"0":{"start":{"line":1,"column":0},"end":{"line":1,"column":null}},"1":{"start":{"line":12,"column":0},"end":{"line":12,"column":66}},"2":{"start":{"line":13,"column":0},"end":{"line":13,"column":53}},"3":{"start":{"line":14,"column":0},"end":{"line":14,"column":50}},"4":{"start":{"line":15,"column":0},"end":{"line":15,"column":67}},"5":{"start":{"line":17,"column":0},"end":{"line":17,"column":53}},"6":{"start":{"line":18,"column":0},"end":{"line":18,"column":54}},"7":{"start":{"line":21,"column":0},"end":{"line":21,"column":60}},"8":{"start":{"line":22,"column":0},"end":{"line":22,"column":60}},"9":{"start":{"line":28,"column":31},"end":{"line":88,"column":null}},"10":{"start":{"line":29,"column":31},"end":{"line":29,"column":48}},"11":{"start":{"line":36,"column":4},"end":{"line":36,"column":64}},"12":{"start":{"line":47,"column":4},"end":{"line":47,"column":70}},"13":{"start":{"line":52,"column":4},"end":{"line":52,"column":62}},"14":{"start":{"line":60,"column":4},"end":{"line":63,"column":7}},"15":{"start":{"line":68,"column":4},"end":{"line":68,"column":62}},"16":{"start":{"line":77,"column":4},"end":{"line":77,"column":77}},"17":{"start":{"line":86,"column":4},"end":{"line":86,"column":65}},"18":{"start":{"line":33,"column":8},"end":{"line":37,"column":null}},"19":{"start":{"line":40,"column":2},"end":{"line":48,"column":null}},"20":{"start":{"line":51,"column":2},"end":{"line":53,"column":null}},"21":{"start":{"line":56,"column":2},"end":{"line":64,"column":null}},"22":{"start":{"line":67,"column":2},"end":{"line":69,"column":null}},"23":{"start":{"line":72,"column":2},"end":{"line":78,"column":null}},"24":{"start":{"line":82,"column":8},"end":{"line":87,"column":null}},"25":{"start":{"line":28,"column":13},"end":{"line":88,"column":null}}},"fnMap":{"0":{"name":"(anonymous_4)","decl":{"start":{"line":29,"column":2},"end":{"line":29,"column":31}},"loc":{"start":{"line":29,"column":63},"end":{"line":29,"column":67}}},"1":{"name":"(anonymous_5)","decl":{"start":{"line":33,"column":2},"end":{"line":33,"column":7}},"loc":{"start":{"line":34,"column":46},"end":{"line":37,"column":3}}},"2":{"name":"(anonymous_6)","decl":{"start":{"line":40,"column":2},"end":{"line":40,"column":23}},"loc":{"start":{"line":42,"column":39},"end":{"line":48,"column":3}}},"3":{"name":"(anonymous_7)","decl":{"start":{"line":51,"column":2},"end":{"line":51,"column":18}},"loc":{"start":{"line":51,"column":47},"end":{"line":53,"column":3}}},"4":{"name":"(anonymous_8)","decl":{"start":{"line":56,"column":2},"end":{"line":56,"column":19}},"loc":{"start":{"line":58,"column":76},"end":{"line":64,"column":3}}},"5":{"name":"(anonymous_9)","decl":{"start":{"line":67,"column":2},"end":{"line":67,"column":20}},"loc":{"start":{"line":67,"column":58},"end":{"line":69,"column":3}}},"6":{"name":"(anonymous_10)","decl":{"start":{"line":72,"column":2},"end":{"line":72,"column":15}},"loc":{"start":{"line":75,"column":46},"end":{"line":78,"column":3}}},"7":{"name":"(anonymous_11)","decl":{"start":{"line":82,"column":2},"end":{"line":82,"column":7}},"loc":{"start":{"line":84,"column":23},"end":{"line":87,"column":3}}}},"branchMap":{},"s":{"0":0,"1":0,"2":0,"3":0,"4":0,"5":0,"6":0,"7":0,"8":0,"9":0,"10":0,"11":0,"12":0,"13":0,"14":0,"15":0,"16":0,"17":0,"18":0,"19":0,"20":0,"21":0,"22":0,"23":0,"24":0,"25":0},"f":{"0":0,"1":0,"2":0,"3":0,"4":0,"5":0,"6":0,"7":0},"b":{}}
,"C:\\Users\\aaron\\Projects\\sparx-api\\src\\channels\\channels.module.ts": {"path":"C:\\Users\\aaron\\Projects\\sparx-api\\src\\channels\\channels.module.ts","statementMap":{"0":{"start":{"line":1,"column":0},"end":{"line":1,"column":40}},"1":{"start":{"line":2,"column":0},"end":{"line":2,"column":48}},"2":{"start":{"line":4,"column":0},"end":{"line":4,"column":53}},"3":{"start":{"line":5,"column":0},"end":{"line":5,"column":59}},"4":{"start":{"line":6,"column":0},"end":{"line":6,"column":59}},"5":{"start":{"line":7,"column":0},"end":{"line":7,"column":52}},"6":{"start":{"line":9,"column":0},"end":{"line":9,"column":68}},"7":{"start":{"line":10,"column":0},"end":{"line":10,"column":68}},"8":{"start":{"line":22,"column":27},"end":{"line":22,"column":null}},"9":{"start":{"line":22,"column":13},"end":{"line":22,"column":null}}},"fnMap":{},"branchMap":{},"s":{"0":0,"1":0,"2":0,"3":0,"4":0,"5":0,"6":0,"7":0,"8":0,"9":0},"f":{},"b":{}}
,"C:\\Users\\aaron\\Projects\\sparx-api\\src\\channels\\channels.repository.ts": {"path":"C:\\Users\\aaron\\Projects\\sparx-api\\src\\channels\\channels.repository.ts","statementMap":{"0":{"start":{"line":1,"column":0},"end":{"line":1,"column":71}},"1":{"start":{"line":2,"column":0},"end":{"line":2,"column":44}},"2":{"start":{"line":4,"column":0},"end":{"line":4,"column":52}},"3":{"start":{"line":6,"column":0},"end":{"line":6,"column":56}},"4":{"start":{"line":10,"column":31},"end":{"line":136,"column":null}},"5":{"start":{"line":12,"column":4},"end":{"line":12,"column":53}},"6":{"start":{"line":11,"column":22},"end":{"line":11,"column":34}},"7":{"start":{"line":15,"column":20},"end":{"line":15,"column":49}},"8":{"start":{"line":16,"column":4},"end":{"line":16,"column":30}},"9":{"start":{"line":21,"column":33},"end":{"line":32,"column":16}},"10":{"start":{"line":34,"column":4},"end":{"line":51,"column":null}},"11":{"start":{"line":36,"column":26},"end":{"line":47,"column":17}},"12":{"start":{"line":48,"column":6},"end":{"line":50,"column":null}},"13":{"start":{"line":49,"column":8},"end":{"line":49,"column":23}},"14":{"start":{"line":52,"column":4},"end":{"line":52,"column":21}},"15":{"start":{"line":56,"column":4},"end":{"line":62,"column":17}},"16":{"start":{"line":66,"column":4},"end":{"line":72,"column":68}},"17":{"start":{"line":72,"column":25},"end":{"line":72,"column":66}},"18":{"start":{"line":72,"column":49},"end":{"line":72,"column":65}},"19":{"start":{"line":76,"column":4},"end":{"line":91,"column":8}},"20":{"start":{"line":86,"column":8},"end":{"line":90,"column":11}},"21":{"start":{"line":86,"column":33},"end":{"line":90,"column":10}},"22":{"start":{"line":98,"column":4},"end":{"line":112,"column":27}},"23":{"start":{"line":116,"column":4},"end":{"line":120,"column":7}},"24":{"start":{"line":126,"column":4},"end":{"line":126,"column":51}},"25":{"start":{"line":130,"column":4},"end":{"line":130,"column":45}},"26":{"start":{"line":134,"column":4},"end":{"line":134,"column":37}},"27":{"start":{"line":10,"column":13},"end":{"line":136,"column":null}}},"fnMap":{"0":{"name":"(anonymous_2)","decl":{"start":{"line":11,"column":2},"end":{"line":11,"column":22}},"loc":{"start":{"line":11,"column":44},"end":{"line":13,"column":3}}},"1":{"name":"(anonymous_3)","decl":{"start":{"line":14,"column":2},"end":{"line":14,"column":15}},"loc":{"start":{"line":14,"column":50},"end":{"line":17,"column":3}}},"2":{"name":"(anonymous_4)","decl":{"start":{"line":19,"column":2},"end":{"line":19,"column":7}},"loc":{"start":{"line":19,"column":56},"end":{"line":53,"column":3}}},"3":{"name":"(anonymous_5)","decl":{"start":{"line":55,"column":2},"end":{"line":55,"column":18}},"loc":{"start":{"line":55,"column":33},"end":{"line":63,"column":3}}},"4":{"name":"(anonymous_6)","decl":{"start":{"line":65,"column":2},"end":{"line":65,"column":20}},"loc":{"start":{"line":65,"column":38},"end":{"line":73,"column":3}}},"5":{"name":"(anonymous_7)","decl":{"start":{"line":72,"column":12},"end":{"line":72,"column":13}},"loc":{"start":{"line":72,"column":25},"end":{"line":72,"column":66}}},"6":{"name":"(anonymous_8)","decl":{"start":{"line":72,"column":37},"end":{"line":72,"column":38}},"loc":{"start":{"line":72,"column":49},"end":{"line":72,"column":65}}},"7":{"name":"(anonymous_9)","decl":{"start":{"line":75,"column":2},"end":{"line":75,"column":18}},"loc":{"start":{"line":75,"column":36},"end":{"line":92,"column":3}}},"8":{"name":"(anonymous_10)","decl":{"start":{"line":85,"column":12},"end":{"line":85,"column":13}},"loc":{"start":{"line":86,"column":8},"end":{"line":90,"column":11}}},"9":{"name":"(anonymous_11)","decl":{"start":{"line":86,"column":20},"end":{"line":86,"column":21}},"loc":{"start":{"line":86,"column":33},"end":{"line":90,"column":10}}},"10":{"name":"(anonymous_12)","decl":{"start":{"line":94,"column":2},"end":{"line":94,"column":37}},"loc":{"start":{"line":96,"column":17},"end":{"line":113,"column":3}}},"11":{"name":"(anonymous_13)","decl":{"start":{"line":115,"column":2},"end":{"line":115,"column":19}},"loc":{"start":{"line":115,"column":40},"end":{"line":121,"column":3}}},"12":{"name":"(anonymous_14)","decl":{"start":{"line":123,"column":2},"end":{"line":123,"column":21}},"loc":{"start":{"line":124,"column":45},"end":{"line":127,"column":3}}},"13":{"name":"(anonymous_15)","decl":{"start":{"line":129,"column":2},"end":{"line":129,"column":12}},"loc":{"start":{"line":129,"column":25},"end":{"line":131,"column":3}}},"14":{"name":"(anonymous_16)","decl":{"start":{"line":133,"column":2},"end":{"line":133,"column":21}},"loc":{"start":{"line":133,"column":34},"end":{"line":135,"column":3}}}},"branchMap":{"0":{"loc":{"start":{"line":48,"column":6},"end":{"line":50,"column":null}},"type":"if","locations":[{"start":{"line":48,"column":6},"end":{"line":50,"column":null}}]},"1":{"loc":{"start":{"line":96,"column":4},"end":{"line":96,"column":17}},"type":"default-arg","locations":[{"start":{"line":96,"column":15},"end":{"line":96,"column":17}}]}},"s":{"0":0,"1":0,"2":0,"3":0,"4":0,"5":0,"6":0,"7":0,"8":0,"9":0,"10":0,"11":0,"12":0,"13":0,"14":0,"15":0,"16":0,"17":0,"18":0,"19":0,"20":0,"21":0,"22":0,"23":0,"24":0,"25":0,"26":0,"27":0},"f":{"0":0,"1":0,"2":0,"3":0,"4":0,"5":0,"6":0,"7":0,"8":0,"9":0,"10":0,"11":0,"12":0,"13":0,"14":0},"b":{"0":[0],"1":[0]}}
,"C:\\Users\\aaron\\Projects\\sparx-api\\src\\channels\\channels.service.ts": {"path":"C:\\Users\\aaron\\Projects\\sparx-api\\src\\channels\\channels.service.ts","statementMap":{"0":{"start":{"line":1,"column":0},"end":{"line":1,"column":null}},"1":{"start":{"line":7,"column":0},"end":{"line":7,"column":59}},"2":{"start":{"line":14,"column":0},"end":{"line":14,"column":56}},"3":{"start":{"line":15,"column":0},"end":{"line":15,"column":70}},"4":{"start":{"line":16,"column":0},"end":{"line":16,"column":54}},"5":{"start":{"line":20,"column":28},"end":{"line":148,"column":null}},"6":{"start":{"line":22,"column":12},"end":{"line":22,"column":32}},"7":{"start":{"line":23,"column":12},"end":{"line":23,"column":31}},"8":{"start":{"line":24,"column":12},"end":{"line":24,"column":20}},"9":{"start":{"line":29,"column":28},"end":{"line":33,"column":6}},"10":{"start":{"line":35,"column":4},"end":{"line":36,"column":78}},"11":{"start":{"line":36,"column":6},"end":{"line":36,"column":78}},"12":{"start":{"line":39,"column":23},"end":{"line":40,"column":null}},"13":{"start":{"line":43,"column":4},"end":{"line":43,"column":22}},"14":{"start":{"line":47,"column":21},"end":{"line":47,"column":76}},"15":{"start":{"line":49,"column":4},"end":{"line":56,"column":null}},"16":{"start":{"line":49,"column":17},"end":{"line":49,"column":18}},"17":{"start":{"line":50,"column":6},"end":{"line":55,"column":null}},"18":{"start":{"line":51,"column":8},"end":{"line":54,"column":10}},"19":{"start":{"line":58,"column":4},"end":{"line":58,"column":20}},"20":{"start":{"line":62,"column":4},"end":{"line":62,"column":65}},"21":{"start":{"line":66,"column":4},"end":{"line":66,"column":75}},"22":{"start":{"line":77,"column":6},"end":{"line":79,"column":null}},"23":{"start":{"line":82,"column":30},"end":{"line":85,"column":7}},"24":{"start":{"line":82,"column":73},"end":{"line":85,"column":6}},"25":{"start":{"line":87,"column":21},"end":{"line":87,"column":36}},"26":{"start":{"line":89,"column":4},"end":{"line":89,"column":43}},"27":{"start":{"line":96,"column":25},"end":{"line":97,"column":null}},"28":{"start":{"line":100,"column":22},"end":{"line":100,"column":77}},"29":{"start":{"line":100,"column":52},"end":{"line":100,"column":76}},"30":{"start":{"line":102,"column":4},"end":{"line":102,"column":26}},"31":{"start":{"line":110,"column":20},"end":{"line":110,"column":64}},"32":{"start":{"line":112,"column":4},"end":{"line":114,"column":null}},"33":{"start":{"line":113,"column":6},"end":{"line":113,"column":55}},"34":{"start":{"line":117,"column":4},"end":{"line":124,"column":null}},"35":{"start":{"line":118,"column":31},"end":{"line":120,"column":null}},"36":{"start":{"line":122,"column":6},"end":{"line":122,"column":38}},"37":{"start":{"line":123,"column":6},"end":{"line":123,"column":35}},"38":{"start":{"line":127,"column":4},"end":{"line":127,"column":45}},"39":{"start":{"line":128,"column":27},"end":{"line":128,"column":70}},"40":{"start":{"line":131,"column":4},"end":{"line":131,"column":73}},"41":{"start":{"line":133,"column":4},"
[...]
,"C:\\Users\\aaron\\Projects\\sparx-api\\src\\websockets\\handlers\\index.ts": {"path":"C:\\Users\\aaron\\Projects\\sparx-api\\src\\websockets\\handlers\\index.ts","statementMap":{"0":{"start":{"line":1,"column":0},"end":{"line":1,"column":53}},"1":{"start":{"line":2,"column":0},"end":{"line":2,"column":53}},"2":{"start":{"line":3,"column":0},"end":{"line":3,"column":53}},"3":{"start":{"line":4,"column":0},"end":{"line":4,"column":60}},"4":{"start":{"line":5,"column":0},"end":{"line":5,"column":47}},"5":{"start":{"line":7,"column":0},"end":{"line":13,"column":2}}},"fnMap":{},"branchMap":{},"s":{"0":0,"1":0,"2":0,"3":0,"4":0,"5":0},"f":{},"b":{}}
,"C:\\Users\\aaron\\Projects\\sparx-api\\src\\websockets\\handlers\\message-handlers.ts": {"path":"C:\\Users\\aaron\\Projects\\sparx-api\\src\\websockets\\handlers\\message-handlers.ts","statementMap":{"0":{"start":{"line":3,"column":0},"end":{"line":3,"column":63}},"1":{"start":{"line":4,"column":0},"end":{"line":4,"column":59}},"2":{"start":{"line":6,"column":13},"end":{"line":37,"column":2}},"3":{"start":{"line":8,"column":4},"end":{"line":14,"column":6}},"4":{"start":{"line":9,"column":31},"end":{"line":11,"column":8}},"5":{"start":{"line":13,"column":6},"end":{"line":13,"column":73}},"6":{"start":{"line":18,"column":4},"end":{"line":24,"column":6}},"7":{"start":{"line":19,"column":31},"end":{"line":21,"column":8}},"8":{"start":{"line":23,"column":6},"end":{"line":23,"column":76}},"9":{"start":{"line":28,"column":4},"end":{"line":35,"column":6}},"10":{"start":{"line":29,"column":31},"end":{"line":32,"column":8}},"11":{"start":{"line":34,"column":6},"end":{"line":34,"column":68}}},"fnMap":{"0":{"name":"(anonymous_0)","decl":{"start":{"line":7,"column":14},"end":{"line":7,"column":15}},"loc":{"start":{"line":7,"column":33},"end":{"line":15,"column":3}}},"1":{"name":"(anonymous_1)","decl":{"start":{"line":8,"column":11},"end":{"line":8,"column":12}},"loc":{"start":{"line":8,"column":35},"end":{"line":14,"column":5}}},"2":{"name":"(anonymous_2)","decl":{"start":{"line":17,"column":17},"end":{"line":17,"column":18}},"loc":{"start":{"line":17,"column":36},"end":{"line":25,"column":3}}},"3":{"name":"(anonymous_3)","decl":{"start":{"line":18,"column":11},"end":{"line":18,"column":12}},"loc":{"start":{"line":18,"column":35},"end":{"line":24,"column":5}}},"4":{"name":"(anonymous_4)","decl":{"start":{"line":27,"column":17},"end":{"line":27,"column":18}},"loc":{"start":{"line":27,"column":36},"end":{"line":36,"column":3}}},"5":{"name":"(anonymous_5)","decl":{"start":{"line":28,"column":11},"end":{"line":28,"column":12}},"loc":{"start":{"line":28,"column":52},"end":{"line":35,"column":5}}}},"branchMap":{},"s":{"0":0,"1":0,"2":0,"3":0,"4":0,"5":0,"6":0,"7":0,"8":0,"9":0,"10":0,"11":0},"f":{"0":0,"1":0,"2":0,"3":0,"4":0,"5":0},"b":{}}
,"C:\\Users\\aaron\\Projects\\sparx-api\\src\\websockets\\handlers\\section-handlers.ts": {"path":"C:\\Users\\aaron\\Projects\\sparx-api\\src\\websockets\\handlers\\section-handlers.ts","statementMap":{"0":{"start":{"line":1,"column":0},"end":{"line":1,"column":58}},"1":{"start":{"line":2,"column":0},"end":{"line":2,"column":63}},"2":{"start":{"line":3,"column":0},"end":{"line":3,"column":59}},"3":{"start":{"line":6,"column":0},"end":{"line":6,"column":52}},"4":{"start":{"line":9,"column":13},"end":{"line":64,"column":2}},"5":{"start":{"line":11,"column":4},"end":{"line":17,"column":6}},"6":{"start":{"line":12,"column":31},"end":{"line":14,"column":8}},"7":{"start":{"line":16,"column":6},"end":{"line":16,"column":62}},"8":{"start":{"line":21,"column":4},"end":{"line":30,"column":6}},"9":{"start":{"line":22,"column":31},"end":{"line":26,"column":null}},"10":{"start":{"line":29,"column":6},"end":{"line":29,"column":64}},"11":{"start":{"line":34,"column":4},"end":{"line":41,"column":6}},"12":{"start":{"line":35,"column":31},"end":{"line":37,"column":null}},"13":{"start":{"line":40,"column":6},"end":{"line":40,"column":73}},"14":{"start":{"line":45,"column":4},"end":{"line":52,"column":6}},"15":{"start":{"line":46,"column":32},"end":{"line":46,"column":68}},"16":{"start":{"line":47,"column":31},"end":{"line":49,"column":8}},"17":{"start":{"line":51,"column":6},"end":{"line":51,"column":65}},"18":{"start":{"line":56,"column":4},"end":{"line":62,"column":6}},"19":{"start":{"line":57,"column":31},"end":{"line":59,"column":8}},"20":{"start":{"line":61,"column":6},"end":{"line":61,"column":65}}},"fnMap":{"0":{"name":"(anonymous_0)","decl":{"start":{"line":10,"column":14},"end":{"line":10,"column":15}},"loc":{"start":{"line":10,"column":33},"end":{"line":18,"column":3}}},"1":{"name":"(anonymous_1)","decl":{"start":{"line":11,"column":11},"end":{"line":11,"column":12}},"loc":{"start":{"line":11,"column":57},"end":{"line":17,"column":5}}},"2":{"name":"(anonymous_2)","decl":{"start":{"line":20,"column":16},"end":{"line":20,"column":17}},"loc":{"start":{"line":20,"column":35},"end":{"line":31,"column":3}}},"3":{"name":"(anonymous_3)","decl":{"start":{"line":21,"column":11},"end":{"line":21,"column":12}},"loc":{"start":{"line":21,"column":60},"end":{"line":30,"column":5}}},"4":{"name":"(anonymous_4)","decl":{"start":{"line":33,"column":24},"end":{"line":33,"column":25}},"loc":{"start":{"line":33,"column":43},"end":{"line":42,"column":3}}},"5":{"name":"(anonymous_5)","decl":{"start":{"line":34,"column":11},"end":{"line":34,"column":12}},"loc":{"start":{"line":34,"column":77},"end":{"line":41,"column":5}}},"6":{"name":"(anonymous_6)","decl":{"start":{"line":44,"column":17},"end":{"line":44,"column":18}},"loc":{"start":{"line":44,"column":36},"end":{"line":53,"column":3}}},"7":{"name":"(anonymous_7)","decl":{"start":{"line":45,"column":11},"end":{"line":45,"column":12}},"loc":{"start":{"line":45,"column":54},"end":{"line":52,"column":5}}},"8":{"name":"(anonymous_8)","decl":{"start":{"line":55,"column":17},"end":{"line":55,"column":18}},"loc":{"start":{"line":55,"column":36},"end":{"line":63,"column":3}}},"9":{"name":"(anonymous_9)","decl":{"start":{"line":56,"column":11},"end":{"line":56,"column":12}},"loc":{"start":{"line":56,"column":55},"end":{"line":62,"column":5}}}},"branchMap":{},"s":{"0":0,"1":0,"2":0,"3":0,"4":0,"5":0,"6":0,"7":0,"8":0,"9":0,"10":0,"11":0,"12":0,"13":0,"14":0,"15":0,"16":0,"17":0,"18":0,"19":0,"20":0},"f":{"0":0,"1":0,"2":0,"3":0,"4":0,"5":0,"6":0,"7":0,"8":0,"9":0},"b":{}}
,"C:\\Users\\aaron\\Projects\\sparx-api\\src\\websockets\\handlers\\user-handlers.ts": {"path":"C:\\Users\\aaron\\Projects\\sparx-api\\src\\websockets\\handlers\\user-handlers.ts","statementMap":{"0":{"start":{"line":3,"column":0},"end":{"line":3,"column":63}},"1":{"start":{"line":4,"column":0},"end":{"line":4,"column":59}},"2":{"start":{"line":5,"column":0},"end":{"line":5,"column":52}},"3":{"start":{"line":6,"column":0},"end":{"line":6,"column":49}},"4":{"start":{"line":8,"column":13},"end":{"line":32,"column":2}},"5":{"start":{"line":10,"column":4},"end":{"line":18,"column":6}},"6":{"start":{"line":11,"column":31},"end":{"line":13,"column":8}},"7":{"start":{"line":15,"column":6},"end":{"line":17,"column":47}},"8":{"start":{"line":22,"column":4},"end":{"line":30,"column":6}},"9":{"start":{"line":23,"column":31},"end":{"line":25,"column":8}},"10":{"start":{"line":27,"column":6},"end":{"line":29,"column":47}}},"fnMap":{"0":{"name":"(anonymous_0)","decl":{"start":{"line":9,"column":14},"end":{"line":9,"column":15}},"loc":{"start":{"line":9,"column":33},"end":{"line":19,"column":3}}},"1":{"name":"(anonymous_1)","decl":{"start":{"line":10,"column":11},"end":{"line":10,"column":12}},"loc":{"start":{"line":10,"column":54},"end":{"line":18,"column":5}}},"2":{"name":"(anonymous_2)","decl":{"start":{"line":21,"column":14},"end":{"line":21,"column":15}},"loc":{"start":{"line":21,"column":33},"end":{"line":31,"column":3}}},"3":{"name":"(anonymous_3)","decl":{"start":{"line":22,"column":11},"end":{"line":22,"column":12}},"loc":{"start":{"line":22,"column":58},"end":{"line":30,"column":5}}}},"branchMap":{"0":{"loc":{"start":{"line":16,"column":12},"end":{"line":16,"column":44}},"type":"binary-expr","locations":[{"start":{"line":16,"column":12},"end":{"line":16,"column":23}},{"start":{"line":16,"column":27},"end":{"line":16,"column":44}}]},"1":{"loc":{"start":{"line":28,"column":12},"end":{"line":28,"column":44}},"type":"binary-expr","locations":[{"start":{"line":28,"column":12},"end":{"line":28,"column":23}},{"start":{"line":28,"column":27},"end":{"line":28,"column":44}}]}},"s":{"0":0,"1":0,"2":0,"3":0,"4":0,"5":0,"6":0,"7":0,"8":0,"9":0,"10":0},"f":{"0":0,"1":0,"2":0,"3":0},"b":{"0":[0,0],"1":[0,0]}}
,"C:\\Users\\aaron\\Projects\\sparx-api\\src\\websockets\\handlers\\user-status-handlers.ts": {"path":"C:\\Users\\aaron\\Projects\\sparx-api\\src\\websockets\\handlers\\user-status-handlers.ts","statementMap":{"0":{"start":{"line":2,"column":0},"end":{"line":2,"column":63}},"1":{"start":{"line":3,"column":0},"end":{"line":3,"column":59}},"2":{"start":{"line":4,"column":0},"end":{"line":4,"column":52}},"3":{"start":{"line":5,"column":0},"end":{"line":5,"column":70}},"4":{"start":{"line":8,"column":13},"end":{"line":49,"column":2}},"5":{"start":{"line":10,"column":4},"end":{"line":18,"column":6}},"6":{"start":{"line":11,"column":31},"end":{"line":13,"column":8}},"7":{"start":{"line":15,"column":6},"end":{"line":17,"column":51}},"8":{"start":{"line":22,"column":4},"end":{"line":32,"column":6}},"9":{"start":{"line":23,"column":31},"end":{"line":28,"column":null}},"10":{"start":{"line":31,"column":6},"end":{"line":31,"column":58}},"11":{"start":{"line":36,"column":4},"end":{"line":47,"column":6}},"12":{"start":{"line":37,"column":31},"end":{"line":41,"column":null}},"13":{"start":{"line":44,"column":6},"end":{"line":46,"column":54}}},"fnMap":{"0":{"name":"(anonymous_0)","decl":{"start":{"line":9,"column":17},"end":{"line":9,"column":18}},"loc":{"start":{"line":9,"column":36},"end":{"line":19,"column":3}}},"1":{"name":"(anonymous_1)","decl":{"start":{"line":10,"column":11},"end":{"line":10,"column":12}},"loc":{"start":{"line":10,"column":66},"end":{"line":18,"column":5}}},"2":{"name":"(anonymous_2)","decl":{"start":{"line":21,"column":20},"end":{"line":21,"column":21}},"loc":{"start":{"line":21,"column":39},"end":{"line":33,"column":3}}},"3":{"name":"(anonymous_3)","decl":{"start":{"line":22,"column":11},"end":{"line":22,"column":12}},"loc":{"start":{"line":22,"column":70},"end":{"line":32,"column":5}}},"4":{"name":"(anonymous_4)","decl":{"start":{"line":35,"column":20},"end":{"line":35,"column":21}},"loc":{"start":{"line":35,"column":39},"end":{"line":48,"column":3}}},"5":{"name":"(anonymous_5)","decl":{"start":{"line":36,"column":11},"end":{"line":36,"column":12}},"loc":{"start":{"line":36,"column":64},"end":{"line":47,"column":5}}}},"branchMap":{"0":{"loc":{"start":{"line":16,"column":12},"end":{"line":16,"column":44}},"type":"binary-expr","locations":[{"start":{"line":16,"column":12},"end":{"line":16,"column":23}},{"start":{"line":16,"column":27},"end":{"line":16,"column":44}}]},"1":{"loc":{"start":{"line":45,"column":12},"end":{"line":45,"column":44}},"type":"binary-expr","locations":[{"start":{"line":45,"column":12},"end":{"line":45,"column":23}},{"start":{"line":45,"column":27},"end":{"line":45,"column":44}}]}},"s":{"0":0,"1":0,"2":0,"3":0,"4":0,"5":0,"6":0,"7":0,"8":0,"9":0,"10":0,"11":0,"12":0,"13":0},"f":{"0":0,"1":0,"2":0,"3":0,"4":0,"5":0},"b":{"0":[0,0],"1":[0,0]}}
,"C:\\Users\\aaron\\Projects\\sparx-api\\src\\websockets\\utils\\web-socket-message.ts": {"path":"C:\\Users\\aaron\\Projects\\sparx-api\\src\\websockets\\utils\\web-socket-message.ts","statementMap":{"0":{"start":{"line":10,"column":4},"end":{"line":10,"column":21}},"1":{"start":{"line":11,"column":4},"end":{"line":11,"column":27}},"2":{"start":{"line":12,"column":4},"end":{"line":15,"column":6}},"3":{"start":{"line":1,"column":0},"end":{"line":1,"column":13}}},"fnMap":{"0":{"name":"(anonymous_0)","decl":{"start":{"line":9,"column":2},"end":{"line":9,"column":14}},"loc":{"start":{"line":9,"column":71},"end":{"line":16,"column":3}}}},"branchMap":{},"s":{"0":0,"1":0,"2":0,"3":0},"f":{"0":0},"b":{}}
,"C:\\Users\\aaron\\Projects\\sparx-api\\src\\workspaces\\workspaces.controller.ts": {"path":"C:\\Users\\aaron\\Projects\\sparx-api\\src\\workspaces\\workspaces.controller.ts","statementMap":{"0":{"start":{"line":1,"column":0},"end":{"line":1,"column":null}},"1":{"start":{"line":10,"column":0},"end":{"line":10,"column":57}},"2":{"start":{"line":11,"column":0},"end":{"line":11,"column":64}},"3":{"start":{"line":12,"column":0},"end":{"line":12,"column":64}},"4":{"start":{"line":15,"column":33},"end":{"line":45,"column":null}},"5":{"start":{"line":16,"column":31},"end":{"line":16,"column":50}},"6":{"start":{"line":20,"column":4},"end":{"line":20,"column":61}},"7":{"start":{"line":25,"column":4},"end":{"line":25,"column":44}},"8":{"start":{"line":30,"column":4},"end":{"line":30,"column":47}},"9":{"start":{"line":38,"column":4},"end":{"line":38,"column":66}},"10":{"start":{"line":43,"column":4},"end":{"line":43,"column":46}},"11":{"start":{"line":19,"column":2},"end":{"line":21,"column":null}},"12":{"start":{"line":24,"column":2},"end":{"line":26,"column":null}},"13":{"start":{"line":29,"column":2},"end":{"line":31,"column":null}},"14":{"start":{"line":34,"column":2},"end":{"line":39,"column":null}},"15":{"start":{"line":42,"column":2},"end":{"line":44,"column":null}},"16":{"start":{"line":15,"column":13},"end":{"line":45,"column":null}}},"fnMap":{"0":{"name":"(anonymous_4)","decl":{"start":{"line":16,"column":2},"end":{"line":16,"column":31}},"loc":{"start":{"line":16,"column":67},"end":{"line":16,"column":71}}},"1":{"name":"(anonymous_5)","decl":{"start":{"line":19,"column":2},"end":{"line":19,"column":8}},"loc":{"start":{"line":19,"column":55},"end":{"line":21,"column":3}}},"2":{"name":"(anonymous_6)","decl":{"start":{"line":24,"column":2},"end":{"line":24,"column":9}},"loc":{"start":{"line":24,"column":9},"end":{"line":26,"column":3}}},"3":{"name":"(anonymous_7)","decl":{"start":{"line":29,"column":2},"end":{"line":29,"column":9}},"loc":{"start":{"line":29,"column":33},"end":{"line":31,"column":3}}},"4":{"name":"(anonymous_8)","decl":{"start":{"line":34,"column":2},"end":{"line":34,"column":8}},"loc":{"start":{"line":36,"column":50},"end":{"line":39,"column":3}}},"5":{"name":"(anonymous_9)","decl":{"start":{"line":42,"column":2},"end":{"line":42,"column":8}},"loc":{"start":{"line":42,"column":32},"end":{"line":44,"column":3}}}},"branchMap":{},"s":{"0":0,"1":0,"2":0,"3":0,"4":0,"5":0,"6":0,"7":0,"8":0,"9":0,"10":0,"11":0,"12":0,"13":0,"14":0,"15":0,"16":0},"f":{"0":0,"1":0,"2":0,"3":0,"4":0,"5":0},"b":{}}
,"C:\\Users\\aaron\\Projects\\sparx-api\\src\\workspaces\\workspaces.module.ts": {"path":"C:\\Users\\aaron\\Projects\\sparx-api\\src\\workspaces\\workspaces.module.ts","statementMap":{"0":{"start":{"line":1,"column":0},"end":{"line":1,"column":40}},"1":{"start":{"line":2,"column":0},"end":{"line":2,"column":57}},"2":{"start":{"line":3,"column":0},"end":{"line":3,"column":63}},"3":{"start":{"line":4,"column":0},"end":{"line":4,"column":48}},"4":{"start":{"line":5,"column":0},"end":{"line":5,"column":63}},"5":{"start":{"line":12,"column":29},"end":{"line":12,"column":null}},"6":{"start":{"line":12,"column":13},"end":{"line":12,"column":null}}},"fnMap":{},"branchMap":{},"s":{"0":0,"1":0,"2":0,"3":0,"4":0,"5":0,"6":0},"f":{},"b":{}}
,"C:\\Users\\aaron\\Projects\\sparx-api\\src\\workspaces\\workspaces.service.ts": {"path":"C:\\Users\\aaron\\Projects\\sparx-api\\src\\workspaces\\workspaces.service.ts","statementMap":{"0":{"start":{"line":1,"column":0},"end":{"line":1,"column":44}},"1":{"start":{"line":6,"column":30},"end":{"line":26,"column":null}},"2":{"start":{"line":8,"column":4},"end":{"line":8,"column":46}},"3":{"start":{"line":12,"column":4},"end":{"line":12,"column":48}},"4":{"start":{"line":16,"column":4},"end":{"line":16,"column":52}},"5":{"start":{"line":20,"column":4},"end":{"line":20,"column":52}},"6":{"start":{"line":24,"column":4},"end":{"line":24,"column":52}},"7":{"start":{"line":6,"column":13},"end":{"line":26,"column":null}}},"fnMap":{"0":{"name":"(anonymous_1)","decl":{"start":{"line":7,"column":2},"end":{"line":7,"column":8}},"loc":{"start":{"line":7,"column":47},"end":{"line":9,"column":3}}},"1":{"name":"(anonymous_2)","decl":{"start":{"line":11,"column":2},"end":{"line":11,"column":9}},"loc":{"start":{"line":11,"column":9},"end":{"line":13,"column":3}}},"2":{"name":"(anonymous_3)","decl":{"start":{"line":15,"column":2},"end":{"line":15,"column":9}},"loc":{"start":{"line":15,"column":20},"end":{"line":17,"column":3}}},"3":{"name":"(anonymous_4)","decl":{"start":{"line":19,"column":2},"end":{"line":19,"column":8}},"loc":{"start":{"line":19,"column":59},"end":{"line":21,"column":3}}},"4":{"name":"(anonymous_5)","decl":{"start":{"line":23,"column":2},"end":{"line":23,"column":8}},"loc":{"start":{"line":23,"column":19},"end":{"line":25,"column":3}}}},"branchMap":{},"s":{"0":0,"1":0,"2":0,"3":0,"4":0,"5":0,"6":0,"7":0},"f":{"0":0,"1":0,"2":0,"3":0,"4":0},"b":{}}
,"C:\\Users\\aaron\\Projects\\sparx-api\\src\\workspaces\\dto\\create-workspace.dto.ts": {"path":"C:\\Users\\aaron\\Projects\\sparx-api\\src\\workspaces\\dto\\create-workspace.dto.ts","statementMap":{"0":{"start":{"line":1,"column":0},"end":{"line":1,"column":13}}},"fnMap":{},"branchMap":{},"s":{"0":0},"f":{},"b":{}}
,"C:\\Users\\aaron\\Projects\\sparx-api\\src\\workspaces\\dto\\update-workspace.dto.ts": {"path":"C:\\Users\\aaron\\Projects\\sparx-api\\src\\workspaces\\dto\\update-workspace.dto.ts","statementMap":{"0":{"start":{"line":1,"column":0},"end":{"line":1,"column":46}},"1":{"start":{"line":2,"column":0},"end":{"line":2,"column":60}},"2":{"start":{"line":4,"column":0},"end":{"line":4,"column":13}}},"fnMap":{},"branchMap":{},"s":{"0":0,"1":0,"2":0},"f":{},"b":{}}
,"C:\\Users\\aaron\\Projects\\sparx-api\\src\\workspaces\\entities\\workspace.entity.ts": {"path":"C:\\Users\\aaron\\Projects\\sparx-api\\src\\workspaces\\entities\\workspace.entity.ts","statementMap":{"0":{"start":{"line":1,"column":0},"end":{"line":1,"column":63}},"1":{"start":{"line":2,"column":0},"end":{"line":2,"column":61}},"2":{"start":{"line":3,"column":0},"end":{"line":3,"column":54}},"3":{"start":{"line":4,"column":0},"end":{"line":4,"column":52}},"4":{"start":{"line":7,"column":22},"end":{"line":16,"column":null}},"5":{"start":{"line":9,"column":2},"end":{"line":9,"column":null}},"6":{"start":{"line":12,"column":2},"end":{"line":12,"column":null}},"7":{"start":{"line":11,"column":19},"end":{"line":11,"column":23}},"8":{"start":{"line":11,"column":35},"end":{"line":11,"column":49}},"9":{"start":{"line":15,"column":2},"end":{"line":15,"column":null}},"10":{"start":{"line":14,"column":19},"end":{"line":14,"column":26}},"11":{"start":{"line":14,"column":41},"end":{"line":14,"column":58}},"12":{"start":{"line":7,"column":13},"end":{"line":16,"column":null}}},"fnMap":{"0":{"name":"(anonymous_2)","decl":{"start":{"line":11,"column":13},"end":{"line":11,"column":16}},"loc":{"start":{"line":11,"column":19},"end":{"line":11,"column":23}}},"1":{"name":"(anonymous_3)","decl":{"start":{"line":11,"column":25},"end":{"line":11,"column":26}},"loc":{"start":{"line":11,"column":35},"end":{"line":11,"column":49}}},"2":{"name":"(anonymous_4)","decl":{"start":{"line":14,"column":13},"end":{"line":14,"column":16}},"loc":{"start":{"line":14,"column":19},"end":{"line":14,"column":26}}},"3":{"name":"(anonymous_5)","decl":{"start":{"line":14,"column":28},"end":{"line":14,"column":29}},"loc":{"start":{"line":14,"column":41},"end":{"line":14,"column":58}}}},"branchMap":{},"s":{"0":0,"1":0,"2":0,"3":0,"4":0,"5":0,"6":0,"7":0,"8":0,"9":0,"10":0,"11":0,"12":0},"f":{"0":0,"1":0,"2":0,"3":0},"b":{}}
}
